2015-08-17|07:38:08|app\commands\StreamController|N/A|INFO|Connected to streaming API. Keywords:#gtest,3333|[] 
2015-08-17|07:38:28|app\commands\StreamController|N/A|INFO|No images found in the tweet.|[] 
2015-08-17|07:38:28|app\commands\StreamController|N/A|INFO|Tweet matched for the keyword:3333|[] 
2015-08-17|07:38:28|app\commands\StreamController|N/A|INFO|Event found. Event name:3333|[] 
2015-08-17|07:38:28|app\commands\StreamController|N/A|INFO|Event details updated|[] 
2015-08-17|07:38:57|app\commands\StreamController|N/A|INFO|No images found in the tweet.|[] 
2015-08-17|07:38:57|app\commands\StreamController|N/A|INFO|Tweet matched for the keyword:3333|[] 
2015-08-17|07:38:57|app\commands\StreamController|N/A|INFO|Event found. Event name:3333|[] 
2015-08-17|07:38:57|app\commands\StreamController|N/A|INFO|Event details updated|[] 
2015-08-17|07:39:03|app\commands\StreamController|N/A|INFO|Media URL found.|{"URL":"http:\/\/pbs.twimg.com\/media\/CMkDAScWoAE86ju.jpg"} 
2015-08-17|07:39:03|app\commands\StreamController|N/A|INFO|Tweet matched for the keyword:3333|[] 
2015-08-17|07:39:03|app\commands\StreamController|N/A|INFO|Event found. Event name:3333|[] 
2015-08-17|07:39:04|app\commands\StreamController|N/A|INFO|Calling GT API|[] 
2015-08-17|07:39:06|app\commands\StreamController|N/A|INFO|GT API Response:{"detect_count":0}|[] 
2015-08-17|07:39:06|app\commands\StreamController|N/A|INFO|No detection.|[] 
2015-08-17|07:39:06|app\commands\StreamController|N/A|INFO|Event details updated|[] 
2015-08-17|07:39:11|app\commands\StreamController|N/A|INFO|No images found in the tweet.|[] 
2015-08-17|07:39:11|app\commands\StreamController|N/A|INFO|Tweet matched for the keyword:3333|[] 
2015-08-17|07:39:11|app\commands\StreamController|N/A|INFO|Event found. Event name:3333|[] 
2015-08-17|07:39:11|app\commands\StreamController|N/A|INFO|Event details updated|[] 
2015-08-17|07:39:29|app\commands\StreamController|N/A|INFO|No images found in the tweet.|[] 
2015-08-17|07:39:29|app\commands\StreamController|N/A|INFO|Tweet matched for the keyword:3333|[] 
2015-08-17|07:39:29|app\commands\StreamController|N/A|INFO|Event found. Event name:3333|[] 
2015-08-17|07:39:29|app\commands\StreamController|N/A|INFO|Event details updated|[] 
2015-08-17|07:39:30|app\commands\StreamController|N/A|INFO|No .jpg images found in the tweet.|[] 
2015-08-17|07:39:30|app\commands\StreamController|N/A|INFO|Tweet matched for the keyword:3333|[] 
2015-08-17|07:39:30|app\commands\StreamController|N/A|INFO|Event found. Event name:3333|[] 
2015-08-17|07:39:30|app\commands\StreamController|N/A|INFO|Event details updated|[] 
2015-08-17|07:39:41|app\commands\StreamController|N/A|INFO|No .jpg images found in the tweet.|[] 
2015-08-17|07:39:41|app\commands\StreamController|N/A|INFO|Tweet matched for the keyword:3333|[] 
2015-08-17|07:39:41|app\commands\StreamController|N/A|INFO|Event found. Event name:3333|[] 
2015-08-17|07:39:41|app\commands\StreamController|N/A|INFO|Event details updated|[] 
2015-08-17|07:39:49|app\commands\StreamController|N/A|INFO|No .jpg images found in the tweet.|[] 
2015-08-17|07:39:49|app\commands\StreamController|N/A|INFO|Tweet matched for the keyword:3333|[] 
2015-08-17|07:39:49|app\commands\StreamController|N/A|INFO|Event found. Event name:3333|[] 
2015-08-17|07:39:49|app\commands\StreamController|N/A|INFO|Event details updated|[] 
2015-08-17|07:39:50|app\commands\StreamController|N/A|INFO|No images found in the tweet.|[] 
2015-08-17|07:39:50|app\commands\StreamController|N/A|INFO|Tweet matched for the keyword:3333|[] 
2015-08-17|07:39:50|app\commands\StreamController|N/A|INFO|Event found. Event name:3333|[] 
2015-08-17|07:39:50|app\commands\StreamController|N/A|INFO|Event details updated|[] 
2015-08-17|07:39:52|app\commands\StreamController|N/A|INFO|No images found in the tweet.|[] 
2015-08-17|07:39:52|app\commands\StreamController|N/A|INFO|Tweet matched for the keyword:3333|[] 
2015-08-17|07:39:52|app\commands\StreamController|N/A|INFO|Event found. Event name:3333|[] 
2015-08-17|07:39:52|app\commands\StreamController|N/A|INFO|Event details updated|[] 
2015-08-17|07:39:53|app\commands\StreamController|N/A|INFO|No images found in the tweet.|[] 
2015-08-17|07:39:53|app\commands\StreamController|N/A|INFO|Tweet matched for the keyword:3333|[] 
2015-08-17|07:39:53|app\commands\StreamController|N/A|INFO|Event found. Event name:3333|[] 
2015-08-17|07:39:53|app\commands\StreamController|N/A|INFO|Event details updated|[] 
2015-08-17|07:39:55|app\commands\StreamController|N/A|INFO|No .jpg images found in the tweet.|[] 
2015-08-17|07:39:55|app\commands\StreamController|N/A|INFO|Tweet matched for the keyword:3333|[] 
2015-08-17|07:39:55|app\commands\StreamController|N/A|INFO|Event found. Event name:3333|[] 
2015-08-17|07:39:55|app\commands\StreamController|N/A|INFO|Event details updated|[] 
2015-08-17|07:39:57|app\commands\StreamController|N/A|INFO|No images found in the tweet.|[] 
2015-08-17|07:39:57|app\commands\StreamController|N/A|INFO|Tweet matched for the keyword:3333|[] 
2015-08-17|07:39:57|app\commands\StreamController|N/A|INFO|Event found. Event name:3333|[] 
2015-08-17|07:39:57|app\commands\StreamController|N/A|INFO|Event details updated|[] 
2015-08-17|07:40:32|app\commands\StreamController|N/A|INFO|No images found in the tweet.|[] 
2015-08-17|07:40:32|app\commands\StreamController|N/A|INFO|Tweet matched for the keyword:3333|[] 
2015-08-17|07:40:32|app\commands\StreamController|N/A|INFO|Event found. Event name:3333|[] 
2015-08-17|07:40:32|app\commands\StreamController|N/A|INFO|Event details updated|[] 
2015-08-17|07:40:42|app\commands\StreamController|N/A|INFO|No images found in the tweet.|[] 
2015-08-17|07:40:42|app\commands\StreamController|N/A|INFO|Tweet matched for the keyword:3333|[] 
2015-08-17|07:40:42|app\commands\StreamController|N/A|INFO|Event found. Event name:3333|[] 
2015-08-17|07:40:42|app\commands\StreamController|N/A|INFO|Event details updated|[] 
2015-08-17|07:41:08|app\commands\StreamController|N/A|INFO|No images found in the tweet.|[] 
2015-08-17|07:41:08|app\commands\StreamController|N/A|INFO|Tweet matched for the keyword:3333|[] 
2015-08-17|07:41:08|app\commands\StreamController|N/A|INFO|Event found. Event name:3333|[] 
2015-08-17|07:41:08|app\commands\StreamController|N/A|INFO|Event details updated|[] 
2015-08-17|07:41:09|app\commands\StreamController|N/A|INFO|No images found in the tweet.|[] 
2015-08-17|07:41:09|app\commands\StreamController|N/A|INFO|Tweet matched for the keyword:3333|[] 
2015-08-17|07:41:09|app\commands\StreamController|N/A|INFO|Event found. Event name:3333|[] 
2015-08-17|07:41:09|app\commands\StreamController|N/A|INFO|Event details updated|[] 
2015-08-17|07:41:12|app\commands\StreamController|N/A|INFO|No images found in the tweet.|[] 
2015-08-17|07:41:12|app\commands\StreamController|N/A|INFO|Tweet matched for the keyword:3333|[] 
2015-08-17|07:41:12|app\commands\StreamController|N/A|INFO|Event found. Event name:3333|[] 
2015-08-17|07:41:12|app\commands\StreamController|N/A|INFO|Event details updated|[] 
2015-08-17|07:41:18|app\commands\StreamController|N/A|INFO|No images found in the tweet.|[] 
2015-08-17|07:41:18|app\commands\StreamController|N/A|INFO|Tweet matched for the keyword:3333|[] 
2015-08-17|07:41:18|app\commands\StreamController|N/A|INFO|Event found. Event name:3333|[] 
2015-08-17|07:41:18|app\commands\StreamController|N/A|INFO|Event details updated|[] 
2015-08-17|07:41:36|app\commands\StreamController|N/A|INFO|No images found in the tweet.|[] 
2015-08-17|07:41:36|app\commands\StreamController|N/A|INFO|Tweet matched for the keyword:3333|[] 
2015-08-17|07:41:36|app\commands\StreamController|N/A|INFO|Event found. Event name:3333|[] 
2015-08-17|07:41:36|app\commands\StreamController|N/A|INFO|Event details updated|[] 
2015-08-17|07:41:39|app\commands\StreamController|N/A|INFO|No images found in the tweet.|[] 
2015-08-17|07:41:39|app\commands\StreamController|N/A|INFO|Tweet matched for the keyword:3333|[] 
2015-08-17|07:41:39|app\commands\StreamController|N/A|INFO|Event found. Event name:3333|[] 
2015-08-17|07:41:39|app\commands\StreamController|N/A|INFO|Event details updated|[] 
2015-08-17|07:41:50|app\commands\StreamController|N/A|INFO|No images found in the tweet.|[] 
2015-08-17|07:41:50|app\commands\StreamController|N/A|INFO|Tweet matched for the keyword:3333|[] 
2015-08-17|07:41:50|app\commands\StreamController|N/A|INFO|Event found. Event name:3333|[] 
2015-08-17|07:41:50|app\commands\StreamController|N/A|INFO|Event details updated|[] 
2015-08-17|07:41:58|app\commands\StreamController|N/A|INFO|No images found in the tweet.|[] 
2015-08-17|07:41:58|app\commands\StreamController|N/A|INFO|Tweet matched for the keyword:3333|[] 
2015-08-17|07:41:58|app\commands\StreamController|N/A|INFO|Event found. Event name:3333|[] 
2015-08-17|07:41:58|app\commands\StreamController|N/A|INFO|Event details updated|[] 
2015-08-17|07:42:18|app\commands\StreamController|N/A|INFO|No images found in the tweet.|[] 
2015-08-17|07:42:18|app\commands\StreamController|N/A|INFO|Tweet matched for the keyword:3333|[] 
2015-08-17|07:42:18|app\commands\StreamController|N/A|INFO|Event found. Event name:3333|[] 
2015-08-17|07:42:18|app\commands\StreamController|N/A|INFO|Event details updated|[] 
2015-08-17|07:42:24|app\commands\StreamController|N/A|INFO|No images found in the tweet.|[] 
2015-08-17|07:42:24|app\commands\StreamController|N/A|INFO|Tweet matched for the keyword:3333|[] 
2015-08-17|07:42:24|app\commands\StreamController|N/A|INFO|Event found. Event name:3333|[] 
2015-08-17|07:42:24|app\commands\StreamController|N/A|INFO|Event details updated|[] 
2015-08-17|07:42:25|app\commands\StreamController|N/A|INFO|No images found in the tweet.|[] 
2015-08-17|07:42:25|app\commands\StreamController|N/A|INFO|Tweet matched for the keyword:3333|[] 
2015-08-17|07:42:25|app\commands\StreamController|N/A|INFO|Event found. Event name:3333|[] 
2015-08-17|07:42:25|app\commands\StreamController|N/A|INFO|Event details updated|[] 
2015-08-17|07:42:39|app\commands\StreamController|N/A|INFO|No images found in the tweet.|[] 
2015-08-17|07:42:39|app\commands\StreamController|N/A|INFO|Tweet matched for the keyword:3333|[] 
2015-08-17|07:42:39|app\commands\StreamController|N/A|INFO|Event found. Event name:3333|[] 
2015-08-17|07:42:39|app\commands\StreamController|N/A|INFO|Event details updated|[] 
2015-08-17|07:43:01|app\commands\StreamController|N/A|INFO|No .jpg images found in the tweet.|[] 
2015-08-17|07:43:01|app\commands\StreamController|N/A|INFO|Tweet matched for the keyword:3333|[] 
2015-08-17|07:43:01|app\commands\StreamController|N/A|INFO|Event found. Event name:3333|[] 
2015-08-17|07:43:01|app\commands\StreamController|N/A|INFO|Event details updated|[] 
2015-08-17|07:43:04|app\commands\StreamController|N/A|INFO|No images found in the tweet.|[] 
2015-08-17|07:43:04|app\commands\StreamController|N/A|INFO|Tweet matched for the keyword:3333|[] 
2015-08-17|07:43:04|app\commands\StreamController|N/A|INFO|Event found. Event name:3333|[] 
2015-08-17|07:43:04|app\commands\StreamController|N/A|INFO|Event details updated|[] 
2015-08-17|07:43:06|app\commands\StreamController|N/A|INFO|No .jpg images found in the tweet.|[] 
2015-08-17|07:43:06|app\commands\StreamController|N/A|INFO|Tweet matched for the keyword:3333|[] 
2015-08-17|07:43:06|app\commands\StreamController|N/A|INFO|Event found. Event name:3333|[] 
2015-08-17|07:43:06|app\commands\StreamController|N/A|INFO|Event details updated|[] 
2015-08-17|07:43:19|app\commands\StreamController|N/A|INFO|No .jpg images found in the tweet.|[] 
2015-08-17|07:43:19|app\commands\StreamController|N/A|INFO|Tweet matched for the keyword:3333|[] 
2015-08-17|07:43:19|app\commands\StreamController|N/A|INFO|Event found. Event name:3333|[] 
2015-08-17|07:43:19|app\commands\StreamController|N/A|INFO|Event details updated|[] 
2015-08-17|07:43:28|app\commands\StreamController|N/A|INFO|No images found in the tweet.|[] 
2015-08-17|07:43:28|app\commands\StreamController|N/A|INFO|Tweet matched for the keyword:3333|[] 
2015-08-17|07:43:28|app\commands\StreamController|N/A|INFO|Event found. Event name:3333|[] 
2015-08-17|07:43:28|app\commands\StreamController|N/A|INFO|Event details updated|[] 
2015-08-17|07:43:35|app\commands\StreamController|N/A|INFO|No images found in the tweet.|[] 
2015-08-17|07:43:35|app\commands\StreamController|N/A|INFO|Tweet matched for the keyword:3333|[] 
2015-08-17|07:43:35|app\commands\StreamController|N/A|INFO|Event found. Event name:3333|[] 
2015-08-17|07:43:35|app\commands\StreamController|N/A|INFO|Event details updated|[] 
2015-08-17|07:43:57|app\commands\StreamController|N/A|INFO|No images found in the tweet.|[] 
2015-08-17|07:43:57|app\commands\StreamController|N/A|INFO|Tweet matched for the keyword:3333|[] 
2015-08-17|07:43:57|app\commands\StreamController|N/A|INFO|Event found. Event name:3333|[] 
2015-08-17|07:43:57|app\commands\StreamController|N/A|INFO|Event details updated|[] 
2015-08-17|07:44:41|app\commands\StreamController|N/A|INFO|No images found in the tweet.|[] 
2015-08-17|07:44:41|app\commands\StreamController|N/A|INFO|Tweet matched for the keyword:3333|[] 
2015-08-17|07:44:41|app\commands\StreamController|N/A|INFO|Event found. Event name:3333|[] 
2015-08-17|07:44:41|app\commands\StreamController|N/A|INFO|Event details updated|[] 
2015-08-17|07:44:50|app\commands\StreamController|N/A|INFO|No images found in the tweet.|[] 
2015-08-17|07:44:50|app\commands\StreamController|N/A|INFO|Tweet matched for the keyword:3333|[] 
2015-08-17|07:44:50|app\commands\StreamController|N/A|INFO|Event found. Event name:3333|[] 
2015-08-17|07:44:50|app\commands\StreamController|N/A|INFO|Event details updated|[] 
2015-08-17|07:45:00|app\commands\StreamController|N/A|INFO|No images found in the tweet.|[] 
2015-08-17|07:45:00|app\commands\StreamController|N/A|INFO|Tweet matched for the keyword:3333|[] 
2015-08-17|07:45:00|app\commands\StreamController|N/A|INFO|Event found. Event name:3333|[] 
2015-08-17|07:45:00|app\commands\StreamController|N/A|INFO|Event details updated|[] 
2015-08-17|07:45:16|app\commands\StreamController|N/A|INFO|No images found in the tweet.|[] 
2015-08-17|07:45:16|app\commands\StreamController|N/A|INFO|Tweet matched for the keyword:3333|[] 
2015-08-17|07:45:16|app\commands\StreamController|N/A|INFO|Event found. Event name:3333|[] 
2015-08-17|07:45:16|app\commands\StreamController|N/A|INFO|Event details updated|[] 
2015-08-17|07:45:18|app\commands\StreamController|N/A|INFO|No images found in the tweet.|[] 
2015-08-17|07:45:18|app\commands\StreamController|N/A|INFO|Tweet matched for the keyword:3333|[] 
2015-08-17|07:45:18|app\commands\StreamController|N/A|INFO|Event found. Event name:3333|[] 
2015-08-17|07:45:18|app\commands\StreamController|N/A|INFO|Event details updated|[] 
2015-08-17|07:45:24|app\commands\StreamController|N/A|INFO|No images found in the tweet.|[] 
2015-08-17|07:45:24|app\commands\StreamController|N/A|INFO|Tweet matched for the keyword:3333|[] 
2015-08-17|07:45:24|app\commands\StreamController|N/A|INFO|Event found. Event name:3333|[] 
2015-08-17|07:45:24|app\commands\StreamController|N/A|INFO|Event details updated|[] 
2015-08-17|07:45:29|app\commands\StreamController|N/A|INFO|No images found in the tweet.|[] 
2015-08-17|07:45:29|app\commands\StreamController|N/A|INFO|Tweet matched for the keyword:3333|[] 
2015-08-17|07:45:29|app\commands\StreamController|N/A|INFO|Event found. Event name:3333|[] 
2015-08-17|07:45:29|app\commands\StreamController|N/A|INFO|Event details updated|[] 
2015-08-17|07:45:34|app\commands\StreamController|N/A|INFO|No images found in the tweet.|[] 
2015-08-17|07:45:34|app\commands\StreamController|N/A|INFO|Tweet matched for the keyword:3333|[] 
2015-08-17|07:45:34|app\commands\StreamController|N/A|INFO|Event found. Event name:3333|[] 
2015-08-17|07:45:34|app\commands\StreamController|N/A|INFO|Event details updated|[] 
2015-08-17|07:45:38|app\commands\StreamController|N/A|INFO|No images found in the tweet.|[] 
2015-08-17|07:45:38|app\commands\StreamController|N/A|INFO|Tweet matched for the keyword:3333|[] 
2015-08-17|07:45:38|app\commands\StreamController|N/A|INFO|Event found. Event name:3333|[] 
2015-08-17|07:45:38|app\commands\StreamController|N/A|INFO|Event details updated|[] 
2015-08-17|07:45:38|app\commands\StreamController|N/A|INFO|No images found in the tweet.|[] 
2015-08-17|07:45:38|app\commands\StreamController|N/A|INFO|Tweet matched for the keyword:3333|[] 
2015-08-17|07:45:38|app\commands\StreamController|N/A|INFO|Event found. Event name:3333|[] 
2015-08-17|07:45:38|app\commands\StreamController|N/A|INFO|Event details updated|[] 
2015-08-17|07:45:46|app\commands\StreamController|N/A|INFO|No .jpg images found in the tweet.|[] 
2015-08-17|07:45:46|app\commands\StreamController|N/A|INFO|Tweet matched for the keyword:3333|[] 
2015-08-17|07:45:46|app\commands\StreamController|N/A|INFO|Event found. Event name:3333|[] 
2015-08-17|07:45:46|app\commands\StreamController|N/A|INFO|Event details updated|[] 
2015-08-17|07:46:00|app\commands\StreamController|N/A|INFO|No .jpg images found in the tweet.|[] 
2015-08-17|07:46:00|app\commands\StreamController|N/A|INFO|Tweet matched for the keyword:3333|[] 
2015-08-17|07:46:00|app\commands\StreamController|N/A|INFO|Event found. Event name:3333|[] 
2015-08-17|07:46:00|app\commands\StreamController|N/A|INFO|Event details updated|[] 
2015-08-17|07:46:06|app\commands\StreamController|N/A|INFO|No images found in the tweet.|[] 
2015-08-17|07:46:06|app\commands\StreamController|N/A|INFO|Tweet matched for the keyword:3333|[] 
2015-08-17|07:46:06|app\commands\StreamController|N/A|INFO|Event found. Event name:3333|[] 
2015-08-17|07:46:06|app\commands\StreamController|N/A|INFO|Event details updated|[] 
2015-08-17|07:46:09|app\commands\StreamController|N/A|INFO|No .jpg images found in the tweet.|[] 
2015-08-17|07:46:09|app\commands\StreamController|N/A|INFO|Tweet matched for the keyword:3333|[] 
2015-08-17|07:46:09|app\commands\StreamController|N/A|INFO|Event found. Event name:3333|[] 
2015-08-17|07:46:09|app\commands\StreamController|N/A|INFO|Event details updated|[] 
2015-08-17|07:46:43|app\commands\StreamController|N/A|INFO|No images found in the tweet.|[] 
2015-08-17|07:46:43|app\commands\StreamController|N/A|INFO|Tweet matched for the keyword:3333|[] 
2015-08-17|07:46:43|app\commands\StreamController|N/A|INFO|Event found. Event name:3333|[] 
2015-08-17|07:46:43|app\commands\StreamController|N/A|INFO|Event details updated|[] 
2015-08-17|07:47:03|app\commands\StreamController|N/A|INFO|No .jpg images found in the tweet.|[] 
2015-08-17|07:47:03|app\commands\StreamController|N/A|INFO|Tweet matched for the keyword:3333|[] 
2015-08-17|07:47:03|app\commands\StreamController|N/A|INFO|Event found. Event name:3333|[] 
2015-08-17|07:47:03|app\commands\StreamController|N/A|INFO|Event details updated|[] 
2015-08-17|07:47:11|app\commands\StreamController|N/A|INFO|No images found in the tweet.|[] 
2015-08-17|07:47:11|app\commands\StreamController|N/A|INFO|Tweet matched for the keyword:3333|[] 
2015-08-17|07:47:11|app\commands\StreamController|N/A|INFO|Event found. Event name:3333|[] 
2015-08-17|07:47:11|app\commands\StreamController|N/A|INFO|Event details updated|[] 
2015-08-17|07:47:52|app\commands\StreamController|N/A|INFO|No images found in the tweet.|[] 
2015-08-17|07:47:52|app\commands\StreamController|N/A|INFO|Tweet matched for the keyword:3333|[] 
2015-08-17|07:47:52|app\commands\StreamController|N/A|INFO|Event found. Event name:3333|[] 
2015-08-17|07:47:52|app\commands\StreamController|N/A|INFO|Event details updated|[] 
2015-08-17|07:48:19|app\commands\StreamController|N/A|INFO|No images found in the tweet.|[] 
2015-08-17|07:48:19|app\commands\StreamController|N/A|INFO|Tweet matched for the keyword:3333|[] 
2015-08-17|07:48:19|app\commands\StreamController|N/A|INFO|Event found. Event name:3333|[] 
2015-08-17|07:48:19|app\commands\StreamController|N/A|INFO|Event details updated|[] 
2015-08-17|07:48:36|app\commands\StreamController|N/A|INFO|No images found in the tweet.|[] 
2015-08-17|07:48:36|app\commands\StreamController|N/A|INFO|Tweet matched for the keyword:3333|[] 
2015-08-17|07:48:36|app\commands\StreamController|N/A|INFO|Event found. Event name:3333|[] 
2015-08-17|07:48:36|app\commands\StreamController|N/A|INFO|Event details updated|[] 
2015-08-17|07:48:46|app\commands\StreamController|N/A|INFO|No images found in the tweet.|[] 
2015-08-17|07:48:46|app\commands\StreamController|N/A|INFO|Tweet matched for the keyword:3333|[] 
2015-08-17|07:48:46|app\commands\StreamController|N/A|INFO|Event found. Event name:3333|[] 
2015-08-17|07:48:46|app\commands\StreamController|N/A|INFO|Event details updated|[] 
2015-08-17|07:48:54|app\commands\StreamController|N/A|INFO|No images found in the tweet.|[] 
2015-08-17|07:48:54|app\commands\StreamController|N/A|INFO|Tweet matched for the keyword:3333|[] 
2015-08-17|07:48:54|app\commands\StreamController|N/A|INFO|Event found. Event name:3333|[] 
2015-08-17|07:48:54|app\commands\StreamController|N/A|INFO|Event details updated|[] 
2015-08-17|07:49:33|app\commands\StreamController|N/A|INFO|No images found in the tweet.|[] 
2015-08-17|07:49:33|app\commands\StreamController|N/A|INFO|Tweet matched for the keyword:3333|[] 
2015-08-17|07:49:33|app\commands\StreamController|N/A|INFO|Event found. Event name:3333|[] 
2015-08-17|07:49:33|app\commands\StreamController|N/A|INFO|Event details updated|[] 
2015-08-17|07:49:36|app\commands\StreamController|N/A|INFO|No images found in the tweet.|[] 
2015-08-17|07:49:36|app\commands\StreamController|N/A|INFO|Tweet matched for the keyword:3333|[] 
2015-08-17|07:49:36|app\commands\StreamController|N/A|INFO|Event found. Event name:3333|[] 
2015-08-17|07:49:36|app\commands\StreamController|N/A|INFO|Event details updated|[] 
2015-08-17|07:49:43|app\commands\StreamController|N/A|INFO|No images found in the tweet.|[] 
2015-08-17|07:49:43|app\commands\StreamController|N/A|INFO|Tweet matched for the keyword:3333|[] 
2015-08-17|07:49:43|app\commands\StreamController|N/A|INFO|Event found. Event name:3333|[] 
2015-08-17|07:49:43|app\commands\StreamController|N/A|INFO|Event details updated|[] 
2015-08-17|07:49:56|app\commands\StreamController|N/A|INFO|No images found in the tweet.|[] 
2015-08-17|07:49:56|app\commands\StreamController|N/A|INFO|Tweet matched for the keyword:3333|[] 
2015-08-17|07:49:56|app\commands\StreamController|N/A|INFO|Event found. Event name:3333|[] 
2015-08-17|07:49:56|app\commands\StreamController|N/A|INFO|Event details updated|[] 
2015-08-17|07:49:59|app\commands\StreamController|N/A|INFO|No images found in the tweet.|[] 
2015-08-17|07:49:59|app\commands\StreamController|N/A|INFO|Tweet matched for the keyword:3333|[] 
2015-08-17|07:49:59|app\commands\StreamController|N/A|INFO|Event found. Event name:3333|[] 
2015-08-17|07:49:59|app\commands\StreamController|N/A|INFO|Event details updated|[] 
2015-08-17|07:50:02|app\commands\StreamController|N/A|INFO|No images found in the tweet.|[] 
2015-08-17|07:50:02|app\commands\StreamController|N/A|INFO|Tweet matched for the keyword:3333|[] 
2015-08-17|07:50:02|app\commands\StreamController|N/A|INFO|Event found. Event name:3333|[] 
2015-08-17|07:50:02|app\commands\StreamController|N/A|INFO|Event details updated|[] 
2015-08-17|07:50:23|app\commands\StreamController|N/A|INFO|No images found in the tweet.|[] 
2015-08-17|07:50:23|app\commands\StreamController|N/A|INFO|Tweet matched for the keyword:3333|[] 
2015-08-17|07:50:23|app\commands\StreamController|N/A|INFO|Event found. Event name:3333|[] 
2015-08-17|07:50:23|app\commands\StreamController|N/A|INFO|Event details updated|[] 
2015-08-17|07:50:24|app\commands\StreamController|N/A|INFO|No images found in the tweet.|[] 
2015-08-17|07:50:24|app\commands\StreamController|N/A|INFO|Tweet matched for the keyword:3333|[] 
2015-08-17|07:50:24|app\commands\StreamController|N/A|INFO|Event found. Event name:3333|[] 
2015-08-17|07:50:24|app\commands\StreamController|N/A|INFO|Event details updated|[] 
2015-08-17|07:50:24|app\commands\StreamController|N/A|INFO|No images found in the tweet.|[] 
2015-08-17|07:50:24|app\commands\StreamController|N/A|INFO|Event not found or event is not active|[] 
2015-08-17|07:50:31|app\commands\StreamController|N/A|INFO|No images found in the tweet.|[] 
2015-08-17|07:50:31|app\commands\StreamController|N/A|INFO|Tweet matched for the keyword:3333|[] 
2015-08-17|07:50:31|app\commands\StreamController|N/A|INFO|Event found. Event name:3333|[] 
2015-08-17|07:50:31|app\commands\StreamController|N/A|INFO|Event details updated|[] 
2015-08-17|07:50:34|app\commands\StreamController|N/A|INFO|No images found in the tweet.|[] 
2015-08-17|07:50:34|app\commands\StreamController|N/A|INFO|Tweet matched for the keyword:3333|[] 
2015-08-17|07:50:34|app\commands\StreamController|N/A|INFO|Event found. Event name:3333|[] 
2015-08-17|07:50:34|app\commands\StreamController|N/A|INFO|Event details updated|[] 
2015-08-17|07:50:55|app\commands\StreamController|N/A|INFO|No images found in the tweet.|[] 
2015-08-17|07:50:55|app\commands\StreamController|N/A|INFO|Tweet matched for the keyword:3333|[] 
2015-08-17|07:50:55|app\commands\StreamController|N/A|INFO|Event found. Event name:3333|[] 
2015-08-17|07:50:55|app\commands\StreamController|N/A|INFO|Event details updated|[] 
2015-08-17|07:50:57|app\commands\StreamController|N/A|INFO|No images found in the tweet.|[] 
2015-08-17|07:50:57|app\commands\StreamController|N/A|INFO|Tweet matched for the keyword:3333|[] 
2015-08-17|07:50:57|app\commands\StreamController|N/A|INFO|Event found. Event name:3333|[] 
2015-08-17|07:50:57|app\commands\StreamController|N/A|INFO|Event details updated|[] 
2015-08-17|07:51:13|app\commands\StreamController|N/A|INFO|No images found in the tweet.|[] 
2015-08-17|07:51:13|app\commands\StreamController|N/A|INFO|Tweet matched for the keyword:3333|[] 
2015-08-17|07:51:13|app\commands\StreamController|N/A|INFO|Event found. Event name:3333|[] 
2015-08-17|07:51:13|app\commands\StreamController|N/A|INFO|Event details updated|[] 
2015-08-17|07:51:16|app\commands\StreamController|N/A|INFO|No images found in the tweet.|[] 
2015-08-17|07:51:16|app\commands\StreamController|N/A|INFO|Tweet matched for the keyword:3333|[] 
2015-08-17|07:51:16|app\commands\StreamController|N/A|INFO|Event found. Event name:3333|[] 
2015-08-17|07:51:16|app\commands\StreamController|N/A|INFO|Event details updated|[] 
2015-08-17|07:51:34|app\commands\StreamController|N/A|INFO|No images found in the tweet.|[] 
2015-08-17|07:51:34|app\commands\StreamController|N/A|INFO|Tweet matched for the keyword:3333|[] 
2015-08-17|07:51:34|app\commands\StreamController|N/A|INFO|Event found. Event name:3333|[] 
2015-08-17|07:51:34|app\commands\StreamController|N/A|INFO|Event details updated|[] 
2015-08-17|07:51:46|app\commands\StreamController|N/A|INFO|No images found in the tweet.|[] 
2015-08-17|07:51:46|app\commands\StreamController|N/A|INFO|Tweet matched for the keyword:3333|[] 
2015-08-17|07:51:46|app\commands\StreamController|N/A|INFO|Event found. Event name:3333|[] 
2015-08-17|07:51:46|app\commands\StreamController|N/A|INFO|Event details updated|[] 
2015-08-17|07:51:51|app\commands\StreamController|N/A|INFO|No images found in the tweet.|[] 
2015-08-17|07:51:51|app\commands\StreamController|N/A|INFO|Tweet matched for the keyword:3333|[] 
2015-08-17|07:51:51|app\commands\StreamController|N/A|INFO|Event found. Event name:3333|[] 
2015-08-17|07:51:51|app\commands\StreamController|N/A|INFO|Event details updated|[] 
2015-08-17|07:52:07|app\commands\StreamController|N/A|INFO|No images found in the tweet.|[] 
2015-08-17|07:52:07|app\commands\StreamController|N/A|INFO|Tweet matched for the keyword:3333|[] 
2015-08-17|07:52:07|app\commands\StreamController|N/A|INFO|Event found. Event name:3333|[] 
2015-08-17|07:52:07|app\commands\StreamController|N/A|INFO|Event details updated|[] 
2015-08-17|07:52:09|app\commands\StreamController|N/A|INFO|No images found in the tweet.|[] 
2015-08-17|07:52:09|app\commands\StreamController|N/A|INFO|Tweet matched for the keyword:3333|[] 
2015-08-17|07:52:09|app\commands\StreamController|N/A|INFO|Event found. Event name:3333|[] 
2015-08-17|07:52:09|app\commands\StreamController|N/A|INFO|Event details updated|[] 
2015-08-17|07:52:30|app\commands\StreamController|N/A|INFO|No images found in the tweet.|[] 
2015-08-17|07:52:30|app\commands\StreamController|N/A|INFO|Tweet matched for the keyword:3333|[] 
2015-08-17|07:52:30|app\commands\StreamController|N/A|INFO|Event found. Event name:3333|[] 
2015-08-17|07:52:30|app\commands\StreamController|N/A|INFO|Event details updated|[] 
2015-08-17|07:52:46|app\commands\StreamController|N/A|INFO|No .jpg images found in the tweet.|[] 
2015-08-17|07:52:46|app\commands\StreamController|N/A|INFO|Tweet matched for the keyword:3333|[] 
2015-08-17|07:52:46|app\commands\StreamController|N/A|INFO|Event found. Event name:3333|[] 
2015-08-17|07:52:46|app\commands\StreamController|N/A|INFO|Event details updated|[] 
2015-08-17|07:52:49|app\commands\StreamController|N/A|INFO|Media URL found.|{"URL":"http:\/\/pbs.twimg.com\/media\/CMkDAScWoAE86ju.jpg"} 
2015-08-17|07:52:49|app\commands\StreamController|N/A|INFO|Tweet matched for the keyword:3333|[] 
2015-08-17|07:52:49|app\commands\StreamController|N/A|INFO|Event found. Event name:3333|[] 
2015-08-17|07:52:49|app\commands\StreamController|N/A|INFO|Calling GT API|[] 
2015-08-17|07:52:51|app\commands\StreamController|N/A|INFO|GT API Response:{"detect_count":0}|[] 
2015-08-17|07:52:51|app\commands\StreamController|N/A|INFO|No detection.|[] 
2015-08-17|07:52:51|app\commands\StreamController|N/A|INFO|Event details updated|[] 
2015-08-17|07:52:51|app\commands\StreamController|N/A|INFO|No images found in the tweet.|[] 
2015-08-17|07:52:51|app\commands\StreamController|N/A|INFO|Tweet matched for the keyword:3333|[] 
2015-08-17|07:52:51|app\commands\StreamController|N/A|INFO|Event found. Event name:3333|[] 
2015-08-17|07:52:51|app\commands\StreamController|N/A|INFO|Event details updated|[] 
2015-08-17|07:52:54|app\commands\StreamController|N/A|INFO|No images found in the tweet.|[] 
2015-08-17|07:52:54|app\commands\StreamController|N/A|INFO|Tweet matched for the keyword:3333|[] 
2015-08-17|07:52:54|app\commands\StreamController|N/A|INFO|Event found. Event name:3333|[] 
2015-08-17|07:52:54|app\commands\StreamController|N/A|INFO|Event details updated|[] 
2015-08-17|07:53:02|app\commands\StreamController|N/A|INFO|Media URL found.|{"URL":"http:\/\/pbs.twimg.com\/media\/CMk6pOWWIAA8Nyv.jpg"} 
2015-08-17|07:53:02|app\commands\StreamController|N/A|INFO|Tweet matched for the keyword:3333|[] 
2015-08-17|07:53:02|app\commands\StreamController|N/A|INFO|Event found. Event name:3333|[] 
2015-08-17|07:53:02|app\commands\StreamController|N/A|INFO|Calling GT API|[] 
2015-08-17|07:53:03|app\commands\StreamController|N/A|INFO|GT API Response:{"detect_count":0}|[] 
2015-08-17|07:53:03|app\commands\StreamController|N/A|INFO|No detection.|[] 
2015-08-17|07:53:03|app\commands\StreamController|N/A|INFO|Event details updated|[] 
2015-08-17|07:53:17|app\commands\StreamController|N/A|INFO|No .jpg images found in the tweet.|[] 
2015-08-17|07:53:17|app\commands\StreamController|N/A|INFO|Tweet matched for the keyword:3333|[] 
2015-08-17|07:53:17|app\commands\StreamController|N/A|INFO|Event found. Event name:3333|[] 
2015-08-17|07:53:17|app\commands\StreamController|N/A|INFO|Event details updated|[] 
2015-08-17|07:53:35|app\commands\StreamController|N/A|INFO|No images found in the tweet.|[] 
2015-08-17|07:53:35|app\commands\StreamController|N/A|INFO|Tweet matched for the keyword:3333|[] 
2015-08-17|07:53:35|app\commands\StreamController|N/A|INFO|Event found. Event name:3333|[] 
2015-08-17|07:53:35|app\commands\StreamController|N/A|INFO|Event details updated|[] 
2015-08-17|07:53:48|app\commands\StreamController|N/A|INFO|No images found in the tweet.|[] 
2015-08-17|07:53:48|app\commands\StreamController|N/A|INFO|Tweet matched for the keyword:3333|[] 
2015-08-17|07:53:48|app\commands\StreamController|N/A|INFO|Event found. Event name:3333|[] 
2015-08-17|07:53:48|app\commands\StreamController|N/A|INFO|Event details updated|[] 
2015-08-17|07:54:01|app\commands\StreamController|N/A|INFO|Connected to streaming API. Keywords:#gtest|[] 
2015-08-17|07:55:01|app\commands\StreamController|N/A|INFO|Media URL found.|{"URL":"http:\/\/pbs.twimg.com\/media\/CMk7GNcVAAAi8jJ.jpg"} 
2015-08-17|07:55:01|app\commands\StreamController|N/A|INFO|Tweet matched for the keyword:#gtest|[] 
2015-08-17|07:55:01|app\commands\StreamController|N/A|INFO|Event found. Event name:Big Event|[] 
2015-08-17|07:55:01|app\commands\StreamController|N/A|INFO|Calling GT API|[] 
2015-08-17|07:55:03|app\commands\StreamController|N/A|INFO|GT API Response:{"detect_count":1,"tags":[{"_id":{"$oid":"55cc5f8291d80268f74afe9e"},"tag_id":5781504,"tag_name":"Gaggletag #486","user":"responder_r3","note":"gid import 20150813"}],"GT_RESPONSE":{"detect_count":1,"tags":[{"code":"0"}]}}|[] 
2015-08-17|07:55:03|app\commands\StreamController|N/A|INFO|Media detected and product info received.|[] 
2015-08-17|07:55:04|app\commands\StreamController|N/A|INFO|Response message is empty. No associated products or response format is inavalid|[] 
2015-08-17|07:55:04|app\commands\StreamController|N/A|INFO|Event details updated|[] 
2015-08-17|07:59:23|app\commands\StreamController|N/A|INFO|Media URL found.|{"URL":"http:\/\/pbs.twimg.com\/media\/CMk8GNcU8AEU7FJ.jpg"} 
2015-08-17|07:59:24|app\commands\StreamController|N/A|INFO|Tweet matched for the keyword:#gtest|[] 
2015-08-17|07:59:24|app\commands\StreamController|N/A|INFO|Event found. Event name:Big Event|[] 
2015-08-17|07:59:24|app\commands\StreamController|N/A|INFO|Calling GT API|[] 
2015-08-17|07:59:26|app\commands\StreamController|N/A|INFO|GT API Response:{"detect_count":1,"tags":[{"_id":{"$oid":"55cc5f8291d80268f74afe9e"},"tag_id":5781504,"tag_name":"Gaggletag #486","user":"responder_r3","note":"gid import 20150813","products":[{"product_name":"Test Product","event_name":"Big Event","response_text":"Place holder message"}]}],"GT_RESPONSE":{"detect_count":1,"tags":[{"code":"0"}]}}|[] 
2015-08-17|07:59:26|app\commands\StreamController|N/A|INFO|Media detected and product info received.|[] 
2015-08-17|07:59:26|app\commands\StreamController|N/A|INFO|Response found for the event.|{"eventName":"Big Event","msg":"Place holder message"} 
2015-08-17|07:59:26|app\commands\StreamController|N/A|INFO|Sending response. Response msg:Place holder message|[] 
2015-08-17|07:59:27|app\commands\StreamController|N/A|INFO|@message sent.User:ArunaAttanayake|[] 
2015-08-17|07:59:27|app\commands\StreamController|N/A|INFO|Event details updated|[] 
2015-08-17|08:01:15|app\commands\StreamController|N/A|INFO|No images found in the tweet.|[] 
2015-08-17|08:01:15|app\commands\StreamController|N/A|INFO|Tweet matched for the keyword:#gtest|[] 
2015-08-17|08:01:15|app\commands\StreamController|N/A|INFO|Event found. Event name:Big Event|[] 
2015-08-17|08:01:15|app\commands\StreamController|N/A|INFO|Event details updated|[] 
2015-08-17|08:06:34|app\commands\StreamController|N/A|INFO|Media URL found.|{"URL":"http:\/\/pbs.twimg.com\/media\/CMk9vQZVEAEXVX_.jpg"} 
2015-08-17|08:06:34|app\commands\StreamController|N/A|INFO|Tweet matched for the keyword:#gtest|[] 
2015-08-17|08:06:34|app\commands\StreamController|N/A|INFO|Event found. Event name:Big Event|[] 
2015-08-17|08:06:34|app\commands\StreamController|N/A|INFO|Calling GT API|[] 
2015-08-17|08:06:37|app\commands\StreamController|N/A|INFO|GT API Response:{"detect_count":1,"tags":[{"_id":{"$oid":"55cc5f8291d80268f74afe7f"},"tag_id":7098489,"tag_name":"Gaggletag #455","user":"responder_r3","note":"gid import 20150813"}],"GT_RESPONSE":{"detect_count":1,"tags":[{"code":"262201"}]}}|[] 
2015-08-17|08:06:37|app\commands\StreamController|N/A|INFO|Media detected and product info received.|[] 
2015-08-17|08:06:37|app\commands\StreamController|N/A|INFO|Response message is empty. No associated products or response format is inavalid|[] 
2015-08-17|08:06:37|app\commands\StreamController|N/A|INFO|Event details updated|[] 
2015-08-17|08:09:01|app\commands\StreamController|N/A|INFO|Media URL found.|{"URL":"http:\/\/pbs.twimg.com\/media\/CMk-TJ7VEAANSxN.jpg"} 
2015-08-17|08:09:01|app\commands\StreamController|N/A|INFO|Tweet matched for the keyword:#gtest|[] 
2015-08-17|08:09:01|app\commands\StreamController|N/A|INFO|Event found. Event name:Big Event|[] 
2015-08-17|08:09:01|app\commands\StreamController|N/A|INFO|Calling GT API|[] 
2015-08-17|08:09:03|app\commands\StreamController|N/A|INFO|GT API Response:{"detect_count":1,"tags":[{"_id":{"$oid":"55cc5f8291d80268f74afd4d"},"tag_id":12914692,"tag_name":"Gaggletag #149","user":"responder_r3","note":"gid import 20150813"}],"GT_RESPONSE":{"detect_count":1,"tags":[{"code":"0"}]}}|[] 
2015-08-17|08:09:03|app\commands\StreamController|N/A|INFO|Media detected and product info received.|[] 
2015-08-17|08:09:03|app\commands\StreamController|N/A|INFO|Response message is empty. No associated products or response format is inavalid|[] 
2015-08-17|08:09:03|app\commands\StreamController|N/A|INFO|Event details updated|[] 
2015-08-17|08:09:44|app\commands\StreamController|N/A|INFO|Media URL found.|{"URL":"http:\/\/pbs.twimg.com\/media\/CMk-dvBUEAAZj5u.jpg"} 
2015-08-17|08:09:44|app\commands\StreamController|N/A|INFO|Tweet matched for the keyword:#gtest|[] 
2015-08-17|08:09:44|app\commands\StreamController|N/A|INFO|Event found. Event name:Big Event|[] 
2015-08-17|08:09:44|app\commands\StreamController|N/A|INFO|Calling GT API|[] 
2015-08-17|08:09:46|app\commands\StreamController|N/A|INFO|GT API Response:{"detect_count":1,"tags":[{"_id":{"$oid":"55cc5f8291d80268f74afe7f"},"tag_id":7098489,"tag_name":"Gaggletag #455","user":"responder_r3","note":"gid import 20150813","products":[{"product_name":"test product","event_name":"Big Event","response_text":"[username] Place holder message [timestamp], [eventname]"}]}],"GT_RESPONSE":{"detect_count":1,"tags":[{"code":"262201"}]}}|[] 
2015-08-17|08:09:46|app\commands\StreamController|N/A|INFO|Media detected and product info received.|[] 
2015-08-17|08:09:46|app\commands\StreamController|N/A|INFO|Response found for the event.|{"eventName":"Big Event","msg":"ArunaAttanayake Place holder message 2015-08-17 08:09:46, Big Event"} 
2015-08-17|08:09:46|app\commands\StreamController|N/A|INFO|Sending response. Response msg:ArunaAttanayake Place holder message 2015-08-17 08:09:46, Big Event|[] 
2015-08-17|08:09:47|app\commands\StreamController|N/A|INFO|@message sent.User:ArunaAttanayake|[] 
2015-08-17|08:09:47|app\commands\StreamController|N/A|INFO|Event details updated|[] 
2015-08-17|19:28:03|app\commands\StreamController|N/A|INFO|Connected to streaming API. Keywords:#gtest|[] 
2015-08-17|19:29:35|app\commands\StreamController|N/A|INFO|Media URL found.|{"URL":"http:\/\/pbs.twimg.com\/media\/CMnaE0jUEAAPUs7.jpg"} 
2015-08-17|19:29:35|app\commands\StreamController|N/A|INFO|Tweet matched for the keyword:#gtest|[] 
2015-08-17|19:29:35|app\commands\StreamController|N/A|INFO|Event found. Event name:Big Event|[] 
2015-08-17|19:29:35|app\commands\StreamController|N/A|INFO|Calling GT API|[] 
2015-08-17|19:29:37|app\commands\StreamController|N/A|INFO|GT API Response:{"detect_count":1,"tags":[{"_id":{"$oid":"55cc5f8291d80268f74afe7f"},"tag_id":7098489,"tag_name":"Gaggletag #455","user":"responder_r3","note":"gid import 20150813","products":[{"product_name":"test product","event_name":"Big Event","response_text":"[username] Place holder message [timestamp], [eventname]"},{"product_name":"Test product","event_name":"Event A","response_text":"[username] Place holder message [timestamp], [eventname]"}]}],"GT_RESPONSE":{"detect_count":1,"tags":[{"code":"262201"}]}}|[] 
2015-08-17|19:29:37|app\commands\StreamController|N/A|INFO|Media detected and product info received.|[] 
2015-08-17|19:29:37|app\commands\StreamController|N/A|INFO|Response found for the event.|{"eventName":"Big Event","msg":"ArunaAttanayake Place holder message 2015-08-17 19:29:37, Big Event"} 
2015-08-17|19:29:37|app\commands\StreamController|N/A|INFO|Sending response. Response msg:ArunaAttanayake Place holder message 2015-08-17 19:29:37, Big Event|[] 
2015-08-17|19:29:39|app\commands\StreamController|N/A|INFO|@message sent.User:ArunaAttanayake|[] 
2015-08-17|19:29:39|app\commands\StreamController|N/A|INFO|Event details updated|[] 
2015-08-17|20:49:06|app\commands\StreamController|N/A|INFO|Connected to streaming API. Keywords:#gtest|[] 
