2015-08-07|05:03:14|super@gmail.com|::1|localhost|INFO|site/login|Login success|[] 
2015-08-07|19:10:26|super@gmail.com|::1|localhost|INFO|site/login|Login success|[] 
2015-08-07|19:34:07|super@gmail.com|::1|localhost|INFO|event/twitter-authenticate|Going to authenticate with Twitter|[] 
2015-08-07|19:35:37|super@gmail.com|::1|localhost|INFO|event/twitter-authenticate|Going to authenticate with Twitter|[] 
2015-08-07|19:37:30|super@gmail.com|::1|localhost|INFO|event/twitter-authenticate|Going to authenticate with Twitter|[] 
2015-08-07|19:38:36|super@gmail.com|::1|localhost|INFO|event/twitter-authenticate|Going to authenticate with Twitter|[] 
2015-08-07|19:38:42|super@gmail.com|::1|localhost|INFO|event/tw-callback|Twitter authentication success|[] 
2015-08-07|19:41:54|super@gmail.com|::1|localhost|INFO|event/twitter-authenticate|Going to authenticate with Twitter|[] 
2015-08-07|19:42:01|super@gmail.com|::1|localhost|INFO|event/tw-callback|Twitter authentication success|[] 
2015-08-07|19:42:15|super@gmail.com|::1|localhost|INFO|event/twitter-authenticate|Going to authenticate with Twitter|[] 
2015-08-07|19:42:21|super@gmail.com|::1|localhost|INFO|event/tw-callback|Twitter authentication success|[] 
2015-08-07|20:10:01|super@gmail.com|::1|localhost|INFO|event/twitter-authenticate|Going to authenticate with Twitter|[] 
2015-08-07|20:10:08|super@gmail.com|::1|localhost|INFO|event/tw-callback|Twitter authentication success|[] 
2015-08-07|20:12:23|super@gmail.com|::1|localhost|INFO|event/twitter-authenticate|Going to authenticate with Twitter|[] 
2015-08-07|20:12:29|super@gmail.com|::1|localhost|INFO|event/tw-callback|Twitter authentication success|[] 
2015-08-07|20:13:54|super@gmail.com|::1|localhost|INFO|event/twitter-authenticate|Going to authenticate with Twitter|[] 
2015-08-07|20:14:00|super@gmail.com|::1|localhost|INFO|event/tw-callback|Twitter authentication success|[] 
2015-08-07|20:14:28|super@gmail.com|::1|localhost|INFO|event/twitter-authenticate|Going to authenticate with Twitter|[] 
2015-08-07|20:14:34|super@gmail.com|::1|localhost|INFO|event/tw-callback|Twitter authentication success|[] 
2015-08-07|20:15:50|super@gmail.com|::1|localhost|INFO|event/twitter-authenticate|Going to authenticate with Twitter|[] 
2015-08-07|20:15:55|super@gmail.com|::1|localhost|INFO|event/tw-callback|Twitter authentication success|[] 
2015-08-07|20:17:28|super@gmail.com|::1|localhost|INFO|event/twitter-authenticate|Going to authenticate with Twitter|[] 
2015-08-07|20:17:35|super@gmail.com|::1|localhost|INFO|event/tw-callback|Twitter authentication success|[] 
2015-08-07|20:36:32|super@gmail.com|::1|localhost|INFO|event/create|Event create failed. Validation failed.|[{"keywords":["Hash Tags cannot be blank."],"eventName":["Event Name cannot be blank."],"status":["Status cannot be blank."]}] 
2015-08-07|20:36:45|super@gmail.com|::1|localhost|INFO|site/logout|Logout success|[] 
2015-08-07|20:36:49|super@gmail.com|::1|localhost|INFO|site/login|Login success|[] 
2015-08-07|20:36:55|super@gmail.com|::1|localhost|INFO|event/create|Event create failed. Not authenticated with Twitter|[] 
2015-08-07|20:37:39|super@gmail.com|::1|localhost|INFO|event/create|Event create failed. Not authenticated with Twitter|[] 
2015-08-07|20:37:43|super@gmail.com|::1|localhost|INFO|event/twitter-authenticate|Going to authenticate with Twitter|[] 
2015-08-07|20:37:49|super@gmail.com|::1|localhost|INFO|event/tw-callback|Twitter authentication success|[] 
2015-08-07|20:37:52|super@gmail.com|::1|localhost|INFO|event/create|Event create failed. Validation failed.|[{"keywords":["Hash Tags cannot be blank."],"status":["Status cannot be blank."]}] 
2015-08-07|20:37:58|super@gmail.com|::1|localhost|INFO|event/create|Event create failed. Validation failed.|[{"status":["Status cannot be blank."]}] 
2015-08-07|20:38:02|super@gmail.com|::1|localhost|INFO|event/create|Event created.|[{"_id":{"$id":"55c4c9d2dc78c1f807000029"},"keywords":"sdfsfd","eventName":"asdf","status":"1","oauthToken":"1918943665-sBJPEnK4hSZs2MYkWEHRaiILarnW1rwgDEBydcH","oauthTokenSecret":"46jI9kGM4N0a2ZLvjy6W1f8Ioe4kymiV7WxrbRHZ7dqIo"}] 
2015-08-07|20:38:11|super@gmail.com|::1|localhost|INFO|event/delete|Event deleted.|{"id":"55c4c9d2dc78c1f807000029"} 
2015-08-07|20:38:14|super@gmail.com|::1|localhost|INFO|event/delete|Event deleted.|{"id":"55c231aedc78c16811000029"} 
2015-08-07|20:38:18|super@gmail.com|::1|localhost|INFO|event/delete|Event deleted.|{"id":"55c225dcdc78c1c80500002a"} 
2015-08-07|20:39:51|super@gmail.com|::1|localhost|INFO|event/create|Event create failed. Not authenticated with Twitter|[] 
2015-08-07|20:40:43|super@gmail.com|::1|localhost|INFO|event/delete|Event deleted.|{"id":"55c22325dc78c1c805000029"} 
2015-08-07|20:40:54|super@gmail.com|::1|localhost|INFO|event/create|Event create failed. Not authenticated with Twitter|[] 
2015-08-07|20:40:57|super@gmail.com|::1|localhost|INFO|event/twitter-authenticate|Going to authenticate with Twitter|[] 
2015-08-07|20:41:03|super@gmail.com|::1|localhost|INFO|event/tw-callback|Twitter authentication success|[] 
2015-08-07|20:41:05|super@gmail.com|::1|localhost|INFO|event/create|Event created.|[{"_id":{"$id":"55c4ca89dc78c1cc06000029"},"keywords":"wer","eventName":"sdf","status":"1","oauthToken":"1918943665-sBJPEnK4hSZs2MYkWEHRaiILarnW1rwgDEBydcH","oauthTokenSecret":"46jI9kGM4N0a2ZLvjy6W1f8Ioe4kymiV7WxrbRHZ7dqIo"}] 
2015-08-07|20:44:24|super@gmail.com|::1|localhost|INFO|event/update|Event update failed. Validation failed.|[{"keywords":["Keyword 'wer' already being assigned for an event."]}] 
2015-08-07|20:50:31|super@gmail.com|::1|localhost|INFO|event/update|Event updated.|[{"_id":{"$id":"55c4ca89dc78c1cc06000029"},"keywords":"wer","eventName":"sdf","status":"1","oauthToken":"1918943665-sBJPEnK4hSZs2MYkWEHRaiILarnW1rwgDEBydcH","oauthTokenSecret":"46jI9kGM4N0a2ZLvjy6W1f8Ioe4kymiV7WxrbRHZ7dqIo"}] 
2015-08-07|20:50:50|super@gmail.com|::1|localhost|INFO|event/create|Event create failed. Not authenticated with Twitter|[] 
2015-08-07|20:50:55|super@gmail.com|::1|localhost|INFO|event/twitter-authenticate|Going to authenticate with Twitter|[] 
2015-08-07|20:51:01|super@gmail.com|::1|localhost|INFO|event/tw-callback|Twitter authentication success|[] 
2015-08-07|20:51:05|super@gmail.com|::1|localhost|INFO|event/create|Event create failed. Validation failed.|[{"keywords":["Keyword '#wer' already being assigned for an event."]}] 
2015-08-07|20:51:43|super@gmail.com|::1|localhost|INFO|event/create|Event create failed. Validation failed.|[{"keywords":["Keyword '#wer' already being assigned for an event."]}] 
2015-08-07|20:52:04|super@gmail.com|::1|localhost|INFO|event/delete|Event deleted.|{"id":"55c4ca89dc78c1cc06000029"} 
2015-08-07|20:52:23|super@gmail.com|::1|localhost|INFO|event/twitter-authenticate|Going to authenticate with Twitter|[] 
2015-08-07|20:52:29|super@gmail.com|::1|localhost|INFO|event/tw-callback|Twitter authentication success|[] 
2015-08-07|20:52:30|super@gmail.com|::1|localhost|INFO|event/create|Event created.|[{"_id":{"$id":"55c4cd36dc78c1f80700002a"},"keywords":"#test","eventName":"eeee","status":"1","oauthToken":"1918943665-sBJPEnK4hSZs2MYkWEHRaiILarnW1rwgDEBydcH","oauthTokenSecret":"46jI9kGM4N0a2ZLvjy6W1f8Ioe4kymiV7WxrbRHZ7dqIo"}] 
2015-08-07|20:52:37|super@gmail.com|::1|localhost|INFO|event/update|Event updated.|[{"_id":{"$id":"55c4cd36dc78c1f80700002a"},"keywords":"#test","eventName":"eeee","status":"1","oauthToken":"1918943665-sBJPEnK4hSZs2MYkWEHRaiILarnW1rwgDEBydcH","oauthTokenSecret":"46jI9kGM4N0a2ZLvjy6W1f8Ioe4kymiV7WxrbRHZ7dqIo"}] 
2015-08-07|20:52:53|super@gmail.com|::1|localhost|INFO|event/create|Event create failed. Not authenticated with Twitter|[] 
2015-08-07|20:52:57|super@gmail.com|::1|localhost|INFO|event/twitter-authenticate|Going to authenticate with Twitter|[] 
2015-08-07|20:53:02|super@gmail.com|::1|localhost|INFO|event/tw-callback|Twitter authentication success|[] 
2015-08-07|20:53:05|super@gmail.com|::1|localhost|INFO|event/create|Event create failed. Validation failed.|[{"status":["Status cannot be blank."],"keywords":["Keyword '#test' already being assigned for an event."]}] 
2015-08-07|20:53:12|super@gmail.com|::1|localhost|INFO|event/create|Event create failed. Validation failed.|[{"keywords":["Keyword '#test' already being assigned for an event."]}] 
2015-08-07|20:53:20|super@gmail.com|::1|localhost|INFO|event/create|Event created.|[{"_id":{"$id":"55c4cd68dc78c1f80700002b"},"keywords":"#test0,#hash1","eventName":"tttt","status":"1","oauthToken":"1918943665-sBJPEnK4hSZs2MYkWEHRaiILarnW1rwgDEBydcH","oauthTokenSecret":"46jI9kGM4N0a2ZLvjy6W1f8Ioe4kymiV7WxrbRHZ7dqIo"}] 
2015-08-07|21:52:27|super@gmail.com|::1|localhost|INFO|event/delete|Event deleted.|{"id":"55c4cd68dc78c1f80700002b"} 
2015-08-07|21:52:30|super@gmail.com|::1|localhost|INFO|event/delete|Event deleted.|{"id":"55c4cd36dc78c1f80700002a"} 
2015-08-07|21:52:55|super@gmail.com|::1|localhost|INFO|event/create|Event create failed. Not authenticated with Twitter|[] 
2015-08-07|21:52:58|super@gmail.com|::1|localhost|INFO|event/twitter-authenticate|Going to authenticate with Twitter|[] 
2015-08-07|21:53:05|super@gmail.com|::1|localhost|INFO|event/tw-callback|Twitter authentication success|[] 
2015-08-07|21:53:36|super@gmail.com|::1|localhost|INFO|event/twitter-authenticate|Going to authenticate with Twitter|[] 
2015-08-07|21:53:41|super@gmail.com|::1|localhost|INFO|event/tw-callback|Twitter authentication success|[] 
2015-08-07|21:53:46|super@gmail.com|::1|localhost|INFO|event/create|Event created.|[{"_id":{"$id":"55c4db92dc78c1cc0600002a"},"keywords":"#gtest","eventName":"Big Event","status":"1","oauthToken":"1918943665-sBJPEnK4hSZs2MYkWEHRaiILarnW1rwgDEBydcH","oauthTokenSecret":"46jI9kGM4N0a2ZLvjy6W1f8Ioe4kymiV7WxrbRHZ7dqIo","totPhotoTweets":null,"totTagDet":null,"lastTweetDateTime":null,"lastTweetRequest":null,"lastTweetResponse":null,"resTwitterHandler":"aruna470"}] 
2015-08-07|22:00:26|super@gmail.com|::1|localhost|INFO|event/update|Event updated.|[{"_id":{"$id":"55c4db92dc78c1cc0600002a"},"keywords":"#gtest","eventName":"Big Event","status":"1","oauthToken":"1918943665-sBJPEnK4hSZs2MYkWEHRaiILarnW1rwgDEBydcH","oauthTokenSecret":"46jI9kGM4N0a2ZLvjy6W1f8Ioe4kymiV7WxrbRHZ7dqIo","totPhotoTweets":null,"totTagDet":null,"lastTweetDateTime":null,"lastTweetRequest":null,"lastTweetResponse":null,"resTwitterHandler":"aruna470"}] 
