2015-08-05|13:50:50|super@gmail.com|::1|localhost|INFO|site/login|Login success|[] 
2015-08-05|19:28:17|super@gmail.com|::1|localhost|INFO|site/login|Login success|[] 
2015-08-05|19:47:05|super@gmail.com|::1|localhost|INFO|keyword/delete|Keyword delete failed. Attached to an event|{"id":"55bcf13edc78c1d80d00002a"} 
2015-08-05|20:02:41|super@gmail.com|::1|localhost|INFO|event/create|Event create failed. Validation failed.|[{"keywords":["Hash Tags cannot be blank."],"eventName":["Event Name cannot be blank."],"status":["Status cannot be blank."],"accountId":["Responder Account cannot be blank."]}] 
2015-08-05|20:20:02|super@gmail.com|::1|localhost|INFO|event/create|Event create failed. Validation failed.|[{"keywords":["Hash Tags cannot be blank."],"eventName":["Event Name cannot be blank."],"status":["Status cannot be blank."],"accountId":["Responder Account cannot be blank."]}] 
2015-08-05|20:22:21|super@gmail.com|::1|localhost|INFO|event/create|Event created.|[{"_id":{"$id":"55c22325dc78c1c805000029"},"keywords":"#test","eventName":"test","status":"1","accountId":"55bceee8dc78c1c01200002a"}] 
2015-08-05|20:22:38|super@gmail.com|::1|localhost|INFO|event/create|Event create failed. Validation failed.|[{"accountId":["Responder account has already been taken."]}] 
2015-08-05|20:23:13|super@gmail.com|::1|localhost|INFO|event/create|Event create failed. Validation failed.|[{"eventName":["Event Name cannot be blank."],"status":["Status cannot be blank."],"accountId":["Responder Account cannot be blank."]}] 
2015-08-05|20:24:05|super@gmail.com|::1|localhost|INFO|event/update|Event updated.|[{"_id":{"$id":"55c22325dc78c1c805000029"},"keywords":"test","eventName":"test","status":"1","accountId":"55bceee8dc78c1c01200002a"}] 
2015-08-05|20:24:11|super@gmail.com|::1|localhost|INFO|event/create|Event create failed. Validation failed.|[{"eventName":["Event Name cannot be blank."],"status":["Status cannot be blank."],"accountId":["Responder Account cannot be blank."]}] 
2015-08-05|20:24:55|super@gmail.com|::1|localhost|INFO|event/create|Event create failed. Validation failed.|[{"eventName":["Event Name cannot be blank."],"status":["Status cannot be blank."],"accountId":["Responder Account cannot be blank."]}] 
2015-08-05|20:25:17|super@gmail.com|::1|localhost|INFO|event/create|Event create failed. Validation failed.|[{"eventName":["Event Name cannot be blank."],"status":["Status cannot be blank."],"accountId":["Responder Account cannot be blank."]}] 
2015-08-05|20:25:35|super@gmail.com|::1|localhost|INFO|event/create|Event create failed. Validation failed.|[{"eventName":["Event Name cannot be blank."],"status":["Status cannot be blank."],"accountId":["Responder Account cannot be blank."],"keywords":["Keyword 'test' already being assigned for an event."]}] 
2015-08-05|20:25:55|super@gmail.com|::1|localhost|INFO|event/create|Event create failed. Validation failed.|[{"eventName":["Event Name cannot be blank."],"status":["Status cannot be blank."],"accountId":["Responder Account cannot be blank."]}] 
2015-08-05|20:28:52|super@gmail.com|::1|localhost|INFO|event/create|Event create failed. Validation failed.|[{"eventName":["Event Name cannot be blank."],"status":["Status cannot be blank."],"accountId":["Responder Account cannot be blank."]}] 
2015-08-05|20:31:31|super@gmail.com|::1|localhost|INFO|event/create|Event create failed. Validation failed.|[{"eventName":["Event Name cannot be blank."],"status":["Status cannot be blank."],"accountId":["Responder Account cannot be blank."],"keywords":["Keyword 'test' already being assigned for an event."]}] 
2015-08-05|20:32:11|super@gmail.com|::1|localhost|INFO|event/create|Event create failed. Validation failed.|[{"eventName":["Event Name cannot be blank."],"status":["Status cannot be blank."],"accountId":["Responder Account cannot be blank."]}] 
2015-08-05|20:32:23|super@gmail.com|::1|localhost|INFO|event/update|Event updated.|[{"_id":{"$id":"55c22325dc78c1c805000029"},"keywords":"#test","eventName":"test","status":"1","accountId":"55bceee8dc78c1c01200002a"}] 
2015-08-05|20:32:32|super@gmail.com|::1|localhost|INFO|event/create|Event create failed. Validation failed.|[{"eventName":["Event Name cannot be blank."],"status":["Status cannot be blank."],"accountId":["Responder Account cannot be blank."],"keywords":["Keyword '#test' already being assigned for an event."]}] 
2015-08-05|20:33:11|super@gmail.com|::1|localhost|INFO|event/create|Event create failed. Validation failed.|[{"eventName":["Event Name cannot be blank."],"status":["Status cannot be blank."],"accountId":["Responder Account cannot be blank."],"keywords":["Keyword '#test' already being assigned for an event."]}] 
2015-08-05|20:33:29|super@gmail.com|::1|localhost|INFO|event/create|Event create failed. Validation failed.|[{"eventName":["Event Name cannot be blank."],"status":["Status cannot be blank."],"accountId":["Responder Account cannot be blank."],"keywords":["Keyword '#test' already being assigned for an event."]}] 
2015-08-05|20:33:32|super@gmail.com|::1|localhost|INFO|event/create|Event create failed. Validation failed.|[{"eventName":["Event Name cannot be blank."],"status":["Status cannot be blank."],"accountId":["Responder Account cannot be blank."],"keywords":["Keyword '#test' already being assigned for an event."]}] 
2015-08-05|20:33:35|super@gmail.com|::1|localhost|INFO|event/create|Event create failed. Validation failed.|[{"eventName":["Event Name cannot be blank."],"status":["Status cannot be blank."],"keywords":["Keyword '#test' already being assigned for an event."]}] 
2015-08-05|20:33:50|super@gmail.com|::1|localhost|INFO|event/create|Event create failed. Validation failed.|[{"eventName":["Event Name cannot be blank."],"status":["Status cannot be blank."]}] 
2015-08-05|20:33:56|super@gmail.com|::1|localhost|INFO|event/create|Event created.|[{"_id":{"$id":"55c225dcdc78c1c80500002a"},"keywords":"#test1,#hash1","eventName":"dsdfsdfsf","status":"1","accountId":"55bceee8dc78c1c01200002a"}] 
2015-08-05|20:34:13|super@gmail.com|::1|localhost|INFO|event/create|Event create failed. Validation failed.|[{"eventName":["Event Name cannot be blank."],"status":["Status cannot be blank."],"accountId":["Responder Account cannot be blank."],"keywords":["Keyword '#hash1' already being assigned for an event."]}] 
2015-08-05|20:34:19|super@gmail.com|::1|localhost|INFO|event/create|Event create failed. Validation failed.|[{"eventName":["Event Name cannot be blank."],"status":["Status cannot be blank."],"accountId":["Responder Account cannot be blank."],"keywords":["Keyword '#hash' already being assigned for an event."]}] 
2015-08-05|20:36:27|super@gmail.com|::1|localhost|INFO|event/create|Event create failed. Validation failed.|[{"eventName":["Event Name cannot be blank."],"status":["Status cannot be blank."],"accountId":["Responder Account cannot be blank."]}] 
2015-08-05|20:36:33|super@gmail.com|::1|localhost|INFO|event/create|Event create failed. Validation failed.|[{"eventName":["Event Name cannot be blank."],"status":["Status cannot be blank."],"accountId":["Responder Account cannot be blank."]}] 
2015-08-05|20:36:47|super@gmail.com|::1|localhost|INFO|event/create|Event create failed. Validation failed.|[{"eventName":["Event Name cannot be blank."],"status":["Status cannot be blank."],"accountId":["Responder Account cannot be blank."]}] 
2015-08-05|21:03:07|super@gmail.com|::1|localhost|INFO|event/create|Event create failed. Validation failed.|[{"eventName":["Event Name cannot be blank."],"status":["Status cannot be blank."],"accountId":["Responder Account cannot be blank."]}] 
2015-08-05|21:03:12|super@gmail.com|::1|localhost|INFO|event/create|Event create failed. Validation failed.|[{"eventName":["Event Name cannot be blank."],"status":["Status cannot be blank."],"accountId":["Responder Account cannot be blank."]}] 
2015-08-05|21:17:55|super@gmail.com|::1|localhost|INFO|event/create|Event create failed. Validation failed.|[{"eventName":["Event Name cannot be blank."],"status":["Status cannot be blank."],"accountId":["Responder Account cannot be blank."]}] 
2015-08-05|21:18:19|super@gmail.com|::1|localhost|INFO|event/create|Event create failed. Validation failed.|[{"eventName":["Event Name cannot be blank."],"status":["Status cannot be blank."],"accountId":["Responder Account cannot be blank."],"keywords":["Keyword 'hash1' already being assigned for an event."]}] 
2015-08-05|21:18:41|super@gmail.com|::1|localhost|INFO|event/create|Event create failed. Validation failed.|[{"eventName":["Event Name cannot be blank."],"status":["Status cannot be blank."],"accountId":["Responder Account cannot be blank."]}] 
2015-08-05|21:19:34|super@gmail.com|::1|localhost|INFO|event/create|Event create failed. Validation failed.|[{"eventName":["Event Name cannot be blank."],"status":["Status cannot be blank."],"accountId":["Responder Account cannot be blank."]}] 
2015-08-05|21:19:41|super@gmail.com|::1|localhost|INFO|event/create|Event create failed. Validation failed.|[{"eventName":["Event Name cannot be blank."],"status":["Status cannot be blank."],"accountId":["Responder Account cannot be blank."],"keywords":["Keyword '#hash1' already being assigned for an event."]}] 
2015-08-05|21:19:54|super@gmail.com|::1|localhost|INFO|event/create|Event create failed. Validation failed.|[{"eventName":["Event Name cannot be blank."],"status":["Status cannot be blank."],"accountId":["Responder Account cannot be blank."],"keywords":["Keyword '#hash1' already being assigned for an event."]}] 
2015-08-05|21:19:59|super@gmail.com|::1|localhost|INFO|event/create|Event create failed. Validation failed.|[{"eventName":["Event Name cannot be blank."],"status":["Status cannot be blank."],"accountId":["Responder Account cannot be blank."],"keywords":["Keyword '#hash1' already being assigned for an event."]}] 
2015-08-05|21:20:04|super@gmail.com|::1|localhost|INFO|event/create|Event create failed. Validation failed.|[{"eventName":["Event Name cannot be blank."],"status":["Status cannot be blank."],"accountId":["Responder Account cannot be blank."],"keywords":["Keyword '#test' already being assigned for an event."]}] 
2015-08-05|21:24:22|super@gmail.com|::1|localhost|INFO|event/create|Event created.|[{"_id":{"$id":"55c231aedc78c16811000029"},"keywords":"#hash,#test5","eventName":"Event1","status":"1","accountId":"55bceee8dc78c1c01200002a"}] 
2015-08-05|21:25:32|super@gmail.com|::1|localhost|INFO|event/create|Event create failed. Validation failed.|[{"eventName":["Event Name cannot be blank."],"status":["Status cannot be blank."],"accountId":["Responder Account cannot be blank."],"keywords":["Keyword '#test' already being assigned for an event."]}] 
2015-08-05|21:25:37|super@gmail.com|::1|localhost|INFO|event/create|Event create failed. Validation failed.|[{"eventName":["Event Name cannot be blank."],"status":["Status cannot be blank."],"accountId":["Responder Account cannot be blank."],"keywords":["Keyword '#test5' already being assigned for an event."]}] 
2015-08-05|21:25:41|super@gmail.com|::1|localhost|INFO|event/create|Event create failed. Validation failed.|[{"eventName":["Event Name cannot be blank."],"status":["Status cannot be blank."],"accountId":["Responder Account cannot be blank."]}] 
2015-08-05|21:37:44|super@gmail.com|::1|localhost|INFO|event/create|Event create failed. Validation failed.|[{"eventName":["Event Name cannot be blank."],"status":["Status cannot be blank."],"accountId":["Responder Account cannot be blank."]}] 
2015-08-05|21:38:15|super@gmail.com|::1|localhost|INFO|event/create|Event create failed. Validation failed.|[{"keywords":["Keyword 'test' already being assigned for an event."]}] 
