2015-08-02|06:55:44|app\commands\StreamController|N/A|INFO|Connected to streaming API. Keywords:#gagtest|[] 
2015-08-02|06:56:40|app\commands\StreamController|N/A|INFO|Media URL found.|{"URL":"http:\/\/pbs.twimg.com\/media\/CLXd6EgUsAEJre8.jpg"} 
2015-08-02|06:56:40|app\commands\StreamController|N/A|INFO|Calling GT API|[] 
2015-08-02|06:56:47|app\commands\StreamController|N/A|INFO|GT API Response:{"detect_count":1,"tags":[{"_id":{"$oid":"55a6ce84e4b0e8a160f9d55c"},"user":"gtresponder_dev","tag_id":262200,"tag_name":"my tag","products":[{"product_name":"UBM","event_name":"Big Event","response_text":"Hello. Thanks for your interest in our product. For more information visit http://ubm.com"},{"product_name":"Android","product_url":"http://www.android.com","event_name":"Mobile Event"}]}]}|[] 
2015-08-02|06:56:47|app\commands\StreamController|N/A|INFO|Media detected and product info received.|[] 
2015-08-02|06:56:47|app\commands\StreamController|N/A|INFO|Tweet matched for the keyword:#gagtest|[] 
2015-08-02|06:56:47|app\commands\StreamController|N/A|INFO|Event found. Event name:Mobile Event|[] 
2015-08-02|07:09:50|app\commands\StreamController|N/A|INFO|Connected to streaming API. Keywords:#gagtest|[] 
2015-08-02|07:10:06|app\commands\StreamController|N/A|INFO|Media URL found.|{"URL":"http:\/\/pbs.twimg.com\/media\/CLXg-vHUwAA15cq.jpg"} 
2015-08-02|07:10:06|app\commands\StreamController|N/A|INFO|Calling GT API|[] 
2015-08-02|07:10:10|app\commands\StreamController|N/A|INFO|GT API Response:{"detect_count":1,"tags":[{"_id":{"$oid":"55a6ce84e4b0e8a160f9d55c"},"user":"gtresponder_dev","tag_id":262200,"tag_name":"my tag","products":[{"product_name":"UBM","event_name":"Big Event","response_text":"Hello. Thanks for your interest in our product. For more information visit http://ubm.com"},{"product_name":"Android","product_url":"http://www.android.com","event_name":"Mobile Event"}]}]}|[] 
2015-08-02|07:10:10|app\commands\StreamController|N/A|INFO|Media detected and product info received.|[] 
2015-08-02|07:10:10|app\commands\StreamController|N/A|INFO|Tweet matched for the keyword:#gagtest|[] 
2015-08-02|07:10:10|app\commands\StreamController|N/A|INFO|Event found. Event name:Big Event|[] 
2015-08-02|07:10:10|app\commands\StreamController|N/A|INFO|Response found for the event.|{"eventName":"Big Event"} 
2015-08-02|07:10:10|app\commands\StreamController|N/A|INFO|Sending response. Response msg:Hello. Thanks for your interest in our product. For more information visit http://ubm.com 2015-08-02 07:10:10|[] 
2015-08-02|07:10:11|app\commands\StreamController|N/A|INFO|@message sent.User:aruna470|[] 
2015-08-02|07:12:04|app\commands\StreamController|N/A|INFO|Connected to streaming API. Keywords:#gagtest|[] 
2015-08-02|07:12:15|app\commands\StreamController|N/A|INFO|Connected to streaming API. Keywords:#gagtest|[] 
2015-08-02|07:12:27|app\commands\StreamController|N/A|INFO|Connected to streaming API. Keywords:#gagtest|[] 
2015-08-02|07:12:38|app\commands\StreamController|N/A|INFO|Connected to streaming API. Keywords:#gagtest|[] 
2015-08-02|07:12:49|app\commands\StreamController|N/A|INFO|Connected to streaming API. Keywords:#gagtest|[] 
2015-08-02|07:13:01|app\commands\StreamController|N/A|INFO|Connected to streaming API. Keywords:#gagtest|[] 
2015-08-02|07:13:12|app\commands\StreamController|N/A|INFO|Connected to streaming API. Keywords:#gagtest|[] 
2015-08-02|07:13:24|app\commands\StreamController|N/A|INFO|Connected to streaming API. Keywords:#gagtest|[] 
2015-08-02|07:13:35|app\commands\StreamController|N/A|INFO|Connected to streaming API. Keywords:#gagtest|[] 
2015-08-02|07:19:16|app\commands\StreamController|N/A|INFO|Connected to streaming API. Keywords:#gagtest|[] 
2015-08-02|07:19:27|app\commands\StreamController|N/A|INFO|Connected to streaming API. Keywords:#gagtest|[] 
2015-08-02|07:19:39|app\commands\StreamController|N/A|INFO|Connected to streaming API. Keywords:#gagtest|[] 
2015-08-02|07:19:50|app\commands\StreamController|N/A|INFO|Connected to streaming API. Keywords:#gagtest|[] 
2015-08-02|07:20:07|app\commands\StreamController|N/A|INFO|Connected to streaming API. Keywords:#gagtest|[] 
2015-08-02|07:20:42|app\commands\StreamController|N/A|INFO|Connected to streaming API. Keywords:#gagtest|[] 
2015-08-02|07:36:13|app\commands\StreamController|N/A|INFO|Connected to streaming API. Keywords:#gagtest|[] 
2015-08-02|07:36:37|app\commands\StreamController|N/A|INFO|Connected to streaming API. Keywords:#gagtest|[] 
2015-08-02|07:36:48|app\commands\StreamController|N/A|INFO|Connected to streaming API. Keywords:#gagtest|[] 
2015-08-02|07:37:55|app\commands\StreamController|N/A|INFO|Media URL found.|{"URL":"http:\/\/pbs.twimg.com\/media\/CLXnWTfUsAAaNq5.jpg"} 
2015-08-02|07:37:55|app\commands\StreamController|N/A|INFO|Calling GT API|[] 
2015-08-02|07:37:59|app\commands\StreamController|N/A|INFO|GT API Response:{"detect_count":1,"tags":[{"_id":{"$oid":"55a6ce84e4b0e8a160f9d55c"},"user":"gtresponder_dev","tag_id":262200,"tag_name":"my tag","products":[{"product_name":"UBM","event_name":"Big Event","response_text":"Hello. Thanks for your interest in our product. For more information visit http://ubm.com"},{"product_name":"Android","product_url":"http://www.android.com","event_name":"Mobile Event"}]}]}|[] 
2015-08-02|07:37:59|app\commands\StreamController|N/A|INFO|Media detected and product info received.|[] 
2015-08-02|07:37:59|app\commands\StreamController|N/A|INFO|Tweet matched for the keyword:#gagtest|[] 
2015-08-02|07:37:59|app\commands\StreamController|N/A|INFO|Event not found or event is not active|[] 
2015-08-02|11:40:44|app\commands\StreamController|N/A|INFO|Connected to streaming API. Keywords:#gagtest,obama|[] 
2015-08-02|11:40:55|app\commands\StreamController|N/A|INFO|Connected to streaming API. Keywords:#gagtest,obama|[] 
2015-08-02|11:40:58|app\commands\StreamController|N/A|INFO|No images found in the tweet.|[] 
2015-08-02|11:41:01|app\commands\StreamController|N/A|INFO|No images found in the tweet.|[] 
2015-08-02|11:41:05|app\commands\StreamController|N/A|INFO|No images found in the tweet.|[] 
2015-08-02|11:41:06|app\commands\StreamController|N/A|INFO|No images found in the tweet.|[] 
2015-08-02|11:41:06|app\commands\StreamController|N/A|INFO|No .jpg images found in the tweet.|[] 
2015-08-02|11:41:07|app\commands\StreamController|N/A|INFO|No images found in the tweet.|[] 
2015-08-02|11:41:07|app\commands\StreamController|N/A|INFO|No images found in the tweet.|[] 
2015-08-02|11:45:50|app\commands\StreamController|N/A|INFO|Connected to streaming API. Keywords:#gagtest,obama|[] 
2015-08-02|11:45:53|app\commands\StreamController|N/A|INFO|No images found in the tweet.|[] 
2015-08-02|11:45:53|app\commands\StreamController|N/A|INFO|No images found in the tweet.|[] 
2015-08-02|11:45:54|app\commands\StreamController|N/A|INFO|No images found in the tweet.|[] 
2015-08-02|11:45:55|app\commands\StreamController|N/A|INFO|No images found in the tweet.|[] 
2015-08-02|11:45:55|app\commands\StreamController|N/A|INFO|No images found in the tweet.|[] 
2015-08-02|11:45:56|app\commands\StreamController|N/A|INFO|No images found in the tweet.|[] 
2015-08-02|11:45:57|app\commands\StreamController|N/A|INFO|No images found in the tweet.|[] 
2015-08-02|11:45:57|app\commands\StreamController|N/A|INFO|No images found in the tweet.|[] 
2015-08-02|11:45:57|app\commands\StreamController|N/A|INFO|No images found in the tweet.|[] 
2015-08-02|11:45:57|app\commands\StreamController|N/A|INFO|No images found in the tweet.|[] 
2015-08-02|11:45:57|app\commands\StreamController|N/A|INFO|No images found in the tweet.|[] 
2015-08-02|11:45:58|app\commands\StreamController|N/A|INFO|No images found in the tweet.|[] 
2015-08-02|11:45:58|app\commands\StreamController|N/A|INFO|No images found in the tweet.|[] 
2015-08-02|11:45:58|app\commands\StreamController|N/A|INFO|No images found in the tweet.|[] 
2015-08-02|11:45:58|app\commands\StreamController|N/A|INFO|No images found in the tweet.|[] 
2015-08-02|11:45:59|app\commands\StreamController|N/A|INFO|No images found in the tweet.|[] 
2015-08-02|11:46:02|app\commands\StreamController|N/A|INFO|No images found in the tweet.|[] 
2015-08-02|11:46:02|app\commands\StreamController|N/A|INFO|No images found in the tweet.|[] 
2015-08-02|11:46:02|app\commands\StreamController|N/A|INFO|Media URL found.|{"URL":"http:\/\/pbs.twimg.com\/media\/CLYgIzMWUAEmL7h.jpg"} 
2015-08-02|11:46:02|app\commands\StreamController|N/A|INFO|Calling GT API|[] 
2015-08-02|11:46:05|app\commands\StreamController|N/A|INFO|GT API Response:{"detect_count":0}|[] 
2015-08-02|11:46:05|app\commands\StreamController|N/A|INFO|No detection.|[] 
2015-08-02|11:46:05|app\commands\StreamController|N/A|INFO|No images found in the tweet.|[] 
2015-08-02|11:46:05|app\commands\StreamController|N/A|INFO|No images found in the tweet.|[] 
2015-08-02|11:46:05|app\commands\StreamController|N/A|INFO|No images found in the tweet.|[] 
2015-08-02|11:46:05|app\commands\StreamController|N/A|INFO|No images found in the tweet.|[] 
2015-08-02|11:46:05|app\commands\StreamController|N/A|INFO|No images found in the tweet.|[] 
2015-08-02|11:46:07|app\commands\StreamController|N/A|INFO|No images found in the tweet.|[] 
2015-08-02|11:46:07|app\commands\StreamController|N/A|INFO|No images found in the tweet.|[] 
2015-08-02|11:46:08|app\commands\StreamController|N/A|INFO|Media URL found.|{"URL":"http:\/\/pbs.twimg.com\/media\/BJTEhINCcAAQZF4.jpg"} 
2015-08-02|11:46:08|app\commands\StreamController|N/A|INFO|Calling GT API|[] 
2015-08-02|11:46:09|app\commands\StreamController|N/A|INFO|GT API Response:{"detect_count":0}|[] 
2015-08-02|11:46:09|app\commands\StreamController|N/A|INFO|No detection.|[] 
2015-08-02|11:46:09|app\commands\StreamController|N/A|INFO|Media URL found.|{"URL":"http:\/\/pbs.twimg.com\/media\/CLYgJ8TVAAArmMs.jpg"} 
2015-08-02|11:46:09|app\commands\StreamController|N/A|INFO|Calling GT API|[] 
2015-08-02|11:46:11|app\commands\StreamController|N/A|INFO|GT API Response:{"detect_count":0}|[] 
2015-08-02|11:46:11|app\commands\StreamController|N/A|INFO|No detection.|[] 
2015-08-02|11:46:11|app\commands\StreamController|N/A|INFO|No images found in the tweet.|[] 
2015-08-02|11:46:13|app\commands\StreamController|N/A|INFO|No images found in the tweet.|[] 
2015-08-02|11:46:17|app\commands\StreamController|N/A|INFO|No images found in the tweet.|[] 
2015-08-02|11:46:18|app\commands\StreamController|N/A|INFO|No images found in the tweet.|[] 
2015-08-02|11:46:19|app\commands\StreamController|N/A|INFO|No images found in the tweet.|[] 
2015-08-02|11:46:19|app\commands\StreamController|N/A|INFO|No images found in the tweet.|[] 
2015-08-02|11:46:20|app\commands\StreamController|N/A|INFO|No images found in the tweet.|[] 
2015-08-02|11:46:21|app\commands\StreamController|N/A|INFO|No images found in the tweet.|[] 
2015-08-02|11:46:22|app\commands\StreamController|N/A|INFO|No images found in the tweet.|[] 
2015-08-02|11:46:24|app\commands\StreamController|N/A|INFO|No images found in the tweet.|[] 
2015-08-02|11:46:24|app\commands\StreamController|N/A|INFO|No images found in the tweet.|[] 
2015-08-02|11:46:25|app\commands\StreamController|N/A|INFO|No images found in the tweet.|[] 
2015-08-02|11:46:25|app\commands\StreamController|N/A|INFO|No images found in the tweet.|[] 
2015-08-02|11:46:27|app\commands\StreamController|N/A|INFO|No images found in the tweet.|[] 
2015-08-02|11:46:29|app\commands\StreamController|N/A|INFO|No images found in the tweet.|[] 
2015-08-02|11:46:29|app\commands\StreamController|N/A|INFO|No images found in the tweet.|[] 
2015-08-02|11:46:29|app\commands\StreamController|N/A|INFO|No images found in the tweet.|[] 
2015-08-02|11:46:30|app\commands\StreamController|N/A|INFO|No images found in the tweet.|[] 
2015-08-02|11:46:31|app\commands\StreamController|N/A|INFO|No images found in the tweet.|[] 
2015-08-02|11:46:32|app\commands\StreamController|N/A|INFO|Media URL found.|{"URL":"http:\/\/pbs.twimg.com\/media\/CLYgQIpUAAI467n.jpg"} 
2015-08-02|11:46:32|app\commands\StreamController|N/A|INFO|Calling GT API|[] 
2015-08-02|11:46:33|app\commands\StreamController|N/A|INFO|GT API Response:{"detect_count":0}|[] 
2015-08-02|11:46:33|app\commands\StreamController|N/A|INFO|No detection.|[] 
2015-08-02|11:46:34|app\commands\StreamController|N/A|INFO|No images found in the tweet.|[] 
2015-08-02|11:46:35|app\commands\StreamController|N/A|INFO|No images found in the tweet.|[] 
2015-08-02|11:46:35|app\commands\StreamController|N/A|INFO|No images found in the tweet.|[] 
2015-08-02|11:46:36|app\commands\StreamController|N/A|INFO|Media URL found.|{"URL":"http:\/\/pbs.twimg.com\/media\/CK8bv6JWsAAk49a.jpg"} 
2015-08-02|11:46:36|app\commands\StreamController|N/A|INFO|Calling GT API|[] 
2015-08-02|11:46:37|app\commands\StreamController|N/A|INFO|GT API Response:{"detect_count":0}|[] 
2015-08-02|11:46:37|app\commands\StreamController|N/A|INFO|No detection.|[] 
2015-08-02|11:46:37|app\commands\StreamController|N/A|INFO|No images found in the tweet.|[] 
2015-08-02|11:48:28|app\commands\StreamController|N/A|INFO|Connected to streaming API. Keywords:#gagtest,obama|[] 
2015-08-02|11:48:33|app\commands\StreamController|N/A|INFO|No images found in the tweet.|[] 
2015-08-02|11:48:35|app\commands\StreamController|N/A|INFO|No images found in the tweet.|[] 
2015-08-02|13:15:41|app\commands\StreamController|N/A|INFO|Connected to streaming API. Keywords:#gagtest|[] 
2015-08-02|13:16:24|app\commands\StreamController|N/A|INFO|Media URL found.|{"URL":"http:\/\/pbs.twimg.com\/media\/CLY00jAUMAAJcFl.jpg"} 
2015-08-02|13:16:24|app\commands\StreamController|N/A|INFO|Calling GT API|[] 
2015-08-02|13:16:28|app\commands\StreamController|N/A|INFO|GT API Response:{"detect_count":1,"tags":[{"_id":{"$oid":"55a6ce84e4b0e8a160f9d55c"},"user":"gtresponder_dev","tag_id":262200,"tag_name":"my tag","products":[{"product_name":"UBM","event_name":"Big Event","response_text":"Hello. Thanks for your interest in our product. For more information visit http://ubm.com"},{"product_name":"Android","product_url":"http://www.android.com","event_name":"Mobile Event"}]}]}|[] 
2015-08-02|13:16:28|app\commands\StreamController|N/A|INFO|Media detected and product info received.|[] 
2015-08-02|13:16:28|app\commands\StreamController|N/A|INFO|Tweet matched for the keyword:#gagtest|[] 
2015-08-02|13:16:28|app\commands\StreamController|N/A|INFO|Event found. Event name:Big Event|[] 
2015-08-02|13:16:28|app\commands\StreamController|N/A|INFO|Response found for the event.|{"eventName":"Big Event"} 
2015-08-02|13:16:28|app\commands\StreamController|N/A|INFO|Sending response. Response msg:Hello. Thanks for your interest in our product. For more information visit http://ubm.com 2015-08-02 13:16:28|[] 
2015-08-02|13:16:29|app\commands\StreamController|N/A|INFO|@message sent.User:aruna470|[] 
2015-08-02|17:12:36|app\commands\StreamController|N/A|INFO|Connected to streaming API. Keywords:#gagtest|[] 
2015-08-02|17:12:48|app\commands\StreamController|N/A|INFO|Connected to streaming API. Keywords:#gagtest|[] 
2015-08-02|17:12:59|app\commands\StreamController|N/A|INFO|Connected to streaming API. Keywords:#gagtest|[] 
2015-08-02|17:13:11|app\commands\StreamController|N/A|INFO|Connected to streaming API. Keywords:#gagtest|[] 
2015-08-02|17:13:22|app\commands\StreamController|N/A|INFO|Connected to streaming API. Keywords:#gagtest|[] 
2015-08-02|17:13:34|app\commands\StreamController|N/A|INFO|Connected to streaming API. Keywords:#gagtest|[] 
2015-08-02|17:13:45|app\commands\StreamController|N/A|INFO|Connected to streaming API. Keywords:#gagtest|[] 
2015-08-02|17:13:57|app\commands\StreamController|N/A|INFO|Connected to streaming API. Keywords:#gagtest|[] 
2015-08-02|17:14:08|app\commands\StreamController|N/A|INFO|Connected to streaming API. Keywords:#gagtest|[] 
2015-08-02|19:37:57|app\commands\StreamController|N/A|INFO|Connected to streaming API. Keywords:#gagtest|[] 
2015-08-02|19:39:21|app\commands\StreamController|N/A|INFO|Media URL found.|{"URL":"http:\/\/pbs.twimg.com\/media\/CLaMeRcUMAIt30C.jpg"} 
2015-08-02|19:39:21|app\commands\StreamController|N/A|INFO|Calling GT API|[] 
2015-08-02|19:39:25|app\commands\StreamController|N/A|INFO|GT API Response:{"detect_count":1,"tags":[{"_id":{"$oid":"55a6ce84e4b0e8a160f9d55c"},"user":"gtresponder_dev","tag_id":262200,"tag_name":"my tag","products":[{"product_name":"UBM","event_name":"Big Event","response_text":"Hello. Thanks for your interest in our product. For more information visit http://ubm.com"},{"product_name":"Android","product_url":"http://www.android.com","event_name":"Mobile Event"}]}]}|[] 
2015-08-02|19:39:25|app\commands\StreamController|N/A|INFO|Media detected and product info received.|[] 
2015-08-02|19:39:25|app\commands\StreamController|N/A|INFO|Tweet matched for the keyword:#gagtest|[] 
2015-08-02|19:39:25|app\commands\StreamController|N/A|INFO|Event found. Event name:Big Event|[] 
2015-08-02|19:39:25|app\commands\StreamController|N/A|INFO|Response found for the event.|{"eventName":"Big Event"} 
2015-08-02|19:39:25|app\commands\StreamController|N/A|INFO|Sending response. Response msg:Hello. Thanks for your interest in our product. For more information visit http://ubm.com 2015-08-02 19:39:25|[] 
2015-08-02|19:39:27|app\commands\StreamController|N/A|INFO|@message sent.User:aruna470|[] 
2015-08-02|19:49:57|app\commands\StreamController|N/A|INFO|Connected to streaming API. Keywords:#gagtest|[] 
2015-08-02|19:52:20|app\commands\StreamController|N/A|INFO|Connected to streaming API. Keywords:#gagtest,obama|[] 
2015-08-02|19:52:31|app\commands\StreamController|N/A|INFO|Connected to streaming API. Keywords:#gagtest,obama|[] 
2015-08-02|19:52:32|app\commands\StreamController|N/A|INFO|No images found in the tweet.|[] 
2015-08-02|19:52:33|app\commands\StreamController|N/A|INFO|Media URL found.|{"URL":"http:\/\/pbs.twimg.com\/media\/CLaPfiMWwAA7JBM.jpg"} 
2015-08-02|19:52:33|app\commands\StreamController|N/A|INFO|Calling GT API|[] 
2015-08-02|19:52:35|app\commands\StreamController|N/A|INFO|GT API Response:{"detect_count":0}|[] 
2015-08-02|19:52:35|app\commands\StreamController|N/A|INFO|No detection.|[] 
2015-08-02|19:52:35|app\commands\StreamController|N/A|INFO|No images found in the tweet.|[] 
2015-08-02|19:52:35|app\commands\StreamController|N/A|INFO|No images found in the tweet.|[] 
2015-08-02|19:52:35|app\commands\StreamController|N/A|INFO|No images found in the tweet.|[] 
2015-08-02|19:52:36|app\commands\StreamController|N/A|INFO|No images found in the tweet.|[] 
2015-08-02|19:52:37|app\commands\StreamController|N/A|INFO|No images found in the tweet.|[] 
2015-08-02|19:52:39|app\commands\StreamController|N/A|INFO|No images found in the tweet.|[] 
2015-08-02|19:52:39|app\commands\StreamController|N/A|INFO|No images found in the tweet.|[] 
2015-08-02|19:52:39|app\commands\StreamController|N/A|INFO|No images found in the tweet.|[] 
2015-08-02|19:52:40|app\commands\StreamController|N/A|INFO|No images found in the tweet.|[] 
2015-08-02|19:52:40|app\commands\StreamController|N/A|INFO|No images found in the tweet.|[] 
2015-08-02|19:52:41|app\commands\StreamController|N/A|INFO|No images found in the tweet.|[] 
2015-08-02|19:52:42|app\commands\StreamController|N/A|INFO|No images found in the tweet.|[] 
2015-08-02|19:52:42|app\commands\StreamController|N/A|INFO|No images found in the tweet.|[] 
2015-08-02|19:52:43|app\commands\StreamController|N/A|INFO|Media URL found.|{"URL":"http:\/\/pbs.twimg.com\/media\/CLQLXT6WsAAPKUs.jpg"} 
2015-08-02|19:52:43|app\commands\StreamController|N/A|INFO|Calling GT API|[] 
2015-08-02|19:53:40|app\commands\StreamController|N/A|INFO|Connected to streaming API. Keywords:#gagtest|[] 
2015-08-02|19:55:02|app\commands\StreamController|N/A|INFO|Media URL found.|{"URL":"http:\/\/pbs.twimg.com\/media\/CLaQD72VEAAD6bT.jpg"} 
2015-08-02|19:55:02|app\commands\StreamController|N/A|INFO|Calling GT API|[] 
2015-08-02|19:55:06|app\commands\StreamController|N/A|INFO|GT API Response:{"detect_count":1,"tags":[{"_id":{"$oid":"55a6ce84e4b0e8a160f9d55c"},"user":"gtresponder_dev","tag_id":262200,"tag_name":"my tag","products":[{"product_name":"UBM","event_name":"Big Event","response_text":"Hello. Thanks for your interest in our product. For more information visit http://ubm.com"},{"product_name":"Android","product_url":"http://www.android.com","event_name":"Mobile Event"}]}]}|[] 
2015-08-02|19:55:06|app\commands\StreamController|N/A|INFO|Media detected and product info received.|[] 
2015-08-02|19:55:06|app\commands\StreamController|N/A|INFO|Tweet matched for the keyword:#gagtest|[] 
2015-08-02|19:55:06|app\commands\StreamController|N/A|INFO|Event found. Event name:Big Event|[] 
2015-08-02|19:55:06|app\commands\StreamController|N/A|INFO|Response found for the event.|{"eventName":"Big Event"} 
2015-08-02|19:55:06|app\commands\StreamController|N/A|INFO|Sending response. Response msg:Hello. Thanks for your interest in our product. For more information visit http://ubm.com 2015-08-02 19:55:06|[] 
2015-08-02|19:55:07|app\commands\StreamController|N/A|INFO|@message sent.User:aruna470|[] 
2015-08-02|19:56:18|app\commands\StreamController|N/A|INFO|Media URL found.|{"URL":"http:\/\/pbs.twimg.com\/media\/CLaQWiuUwAAEhqj.jpg"} 
2015-08-02|19:56:18|app\commands\StreamController|N/A|INFO|Calling GT API|[] 
2015-08-02|19:56:20|app\commands\StreamController|N/A|INFO|GT API Response:{"detect_count":1,"tags":[{"_id":{"$oid":"55a6ce84e4b0e8a160f9d55c"},"user":"gtresponder_dev","tag_id":262200,"tag_name":"my tag","products":[{"product_name":"UBM","event_name":"Big Event","response_text":"Hello. Thanks for your interest in our product. For more information visit http://ubm.com"},{"product_name":"Android","product_url":"http://www.android.com","event_name":"Mobile Event"}]}]}|[] 
2015-08-02|19:56:20|app\commands\StreamController|N/A|INFO|Media detected and product info received.|[] 
2015-08-02|19:56:20|app\commands\StreamController|N/A|INFO|Tweet matched for the keyword:#gagtest|[] 
2015-08-02|19:56:20|app\commands\StreamController|N/A|INFO|Event found. Event name:Big Event|[] 
2015-08-02|19:56:20|app\commands\StreamController|N/A|INFO|Response found for the event.|{"eventName":"Big Event"} 
2015-08-02|19:56:20|app\commands\StreamController|N/A|INFO|Sending response. Response msg:Hello. Thanks for your interest in our product. For more information visit http://ubm.com 2015-08-02 19:56:20|[] 
2015-08-02|19:56:22|app\commands\StreamController|N/A|INFO|@message sent.User:aruna470|[] 
