2015-08-21|17:29:59|Guest|N/A|INFO|Start keyword searching|[] 
2015-08-21|17:29:59|Guest|N/A|INFO|Previous process is in progress|[] 
2015-08-21|17:30:29|Guest|N/A|INFO|Start keyword searching|[] 
2015-08-21|17:30:29|Guest|N/A|INFO|Previous process is in progress|[] 
2015-08-21|17:31:21|Guest|N/A|INFO|Start keyword searching|[] 
2015-08-21|17:31:21|Guest|N/A|INFO|Previous process is in progress|[] 
2015-08-21|17:32:03|Guest|N/A|INFO|Start keyword searching|[] 
2015-08-21|17:32:03|Guest|N/A|INFO|Next run at;|{"time":"2015-08-21 17:34:03"} 
2015-08-21|17:32:03|Guest|N/A|INFO|Start keyword search for event.|{"Event":"Big Event","Keywords":"#gtest"} 
2015-08-21|17:32:05|Guest|N/A|INFO|Rate limits.{"cache_control":"no-cache, no-store, must-revalidate, pre-check=0, post-check=0","content_disposition":"attachment; filename=json.json","content_length":"294","content_type":"application\/json;charset=utf-8","date":"Fri, 21 Aug 2015 12:02:10 GMT","expires":"Tue, 31 Mar 1981 05:00:00 GMT","last_modified":"Fri, 21 Aug 2015 12:02:10 GMT","pragma":"no-cache","server":"tsa_a","set_cookie":"guest_id=v1%3A144015853004963854; Domain=.twitter.com; Path=\/; Expires=Sun, 20-Aug-2017 12:02:10 UTC","status":"200 OK","strict_transport_security":"max-age=631138519","x_connection_hash":"286077336ecdb8fb890302df522c3c5f","x_content_type_options":"nosniff","x_frame_options":"SAMEORIGIN","x_rate_limit_limit":"450","x_rate_limit_remaining":"449","x_rate_limit_reset":"1440159430","x_response_time":"21","x_transaction":"fedbf5b25367f236","x_twitter_response_tags":"BouncerCompliant","x_xss_protection":"1; mode=block"}|[] 
2015-08-21|17:32:05|Guest|N/A|INFO|No more tweets|[] 
2015-08-21|17:32:05|Guest|N/A|INFO|Start keyword search for event.|{"Event":"Test Event","Keywords":"#wwww"} 
2015-08-21|17:32:09|Guest|N/A|INFO|Rate limits.{"cache_control":"no-cache, no-store, must-revalidate, pre-check=0, post-check=0","content_disposition":"attachment; filename=json.json","content_length":"415729","content_type":"application\/json;charset=utf-8","date":"Fri, 21 Aug 2015 12:02:11 GMT","expires":"Tue, 31 Mar 1981 05:00:00 GMT","last_modified":"Fri, 21 Aug 2015 12:02:11 GMT","pragma":"no-cache","server":"tsa_a","set_cookie":"guest_id=v1%3A144015853135297985; Domain=.twitter.com; Path=\/; Expires=Sun, 20-Aug-2017 12:02:11 UTC","status":"200 OK","strict_transport_security":"max-age=631138519","x_connection_hash":"275ee784bf7453d88718d356e9282497","x_content_type_options":"nosniff","x_frame_options":"SAMEORIGIN","x_rate_limit_limit":"450","x_rate_limit_remaining":"448","x_rate_limit_reset":"1440159430","x_response_time":"186","x_transaction":"af2c5a351daabce3","x_twitter_response_tags":"BouncerCompliant","x_xss_protection":"1; mode=block"}|[] 
2015-08-21|17:32:09|Guest|N/A|INFO|Tweet saved.|{"tweetId":"634635306860281858"} 
2015-08-21|17:32:09|Guest|N/A|INFO|No images found in the tweet.|[] 
2015-08-21|17:32:09|Guest|N/A|INFO|Event found. Event name:Test Event|[] 
2015-08-21|17:32:09|Guest|N/A|INFO|Event details updated|[] 
2015-08-21|17:32:09|Guest|N/A|INFO|First run|[] 
2015-08-21|17:32:09|Guest|N/A|INFO|Keyword searching over|[] 
2015-08-21|17:32:44|Guest|N/A|INFO|Start keyword searching|[] 
2015-08-21|17:32:44|Guest|N/A|INFO|Not the correct time to run|[] 
2015-08-21|17:35:23|Guest|N/A|INFO|Start keyword searching|[] 
2015-08-21|17:35:23|Guest|N/A|INFO|Next run at;|{"time":"2015-08-21 17:37:23"} 
2015-08-21|17:35:23|Guest|N/A|INFO|Start keyword search for event.|{"Event":"Big Event","Keywords":"#gtest"} 
2015-08-21|17:35:26|Guest|N/A|INFO|Rate limits.{"cache_control":"no-cache, no-store, must-revalidate, pre-check=0, post-check=0","content_disposition":"attachment; filename=json.json","content_length":"294","content_type":"application\/json;charset=utf-8","date":"Fri, 21 Aug 2015 12:05:30 GMT","expires":"Tue, 31 Mar 1981 05:00:00 GMT","last_modified":"Fri, 21 Aug 2015 12:05:30 GMT","pragma":"no-cache","server":"tsa_a","set_cookie":"guest_id=v1%3A144015873026349055; Domain=.twitter.com; Path=\/; Expires=Sun, 20-Aug-2017 12:05:30 UTC","status":"200 OK","strict_transport_security":"max-age=631138519","x_connection_hash":"710ab62171f4634712566223df6241fe","x_content_type_options":"nosniff","x_frame_options":"SAMEORIGIN","x_rate_limit_limit":"450","x_rate_limit_remaining":"447","x_rate_limit_reset":"1440159430","x_response_time":"18","x_transaction":"dd3661c1dc1a449c","x_twitter_response_tags":"BouncerCompliant","x_xss_protection":"1; mode=block"}|[] 
2015-08-21|17:35:26|Guest|N/A|INFO|No more tweets|[] 
2015-08-21|17:35:26|Guest|N/A|INFO|Start keyword search for event.|{"Event":"Test Event","Keywords":"#wwww"} 
2015-08-21|17:35:27|Guest|N/A|INFO|Rate limits.{"cache_control":"no-cache, no-store, must-revalidate, pre-check=0, post-check=0","content_disposition":"attachment; filename=json.json","content_length":"292","content_type":"application\/json;charset=utf-8","date":"Fri, 21 Aug 2015 12:05:31 GMT","expires":"Tue, 31 Mar 1981 05:00:00 GMT","last_modified":"Fri, 21 Aug 2015 12:05:31 GMT","pragma":"no-cache","server":"tsa_a","set_cookie":"guest_id=v1%3A144015873155922601; Domain=.twitter.com; Path=\/; Expires=Sun, 20-Aug-2017 12:05:31 UTC","status":"200 OK","strict_transport_security":"max-age=631138519","x_connection_hash":"4bec89001fc5b42d50ec00d4913c758b","x_content_type_options":"nosniff","x_frame_options":"SAMEORIGIN","x_rate_limit_limit":"450","x_rate_limit_remaining":"446","x_rate_limit_reset":"1440159430","x_response_time":"36","x_transaction":"93c81becd856413f","x_twitter_response_tags":"BouncerCompliant","x_xss_protection":"1; mode=block"}|[] 
2015-08-21|17:35:27|Guest|N/A|INFO|No more tweets|[] 
2015-08-21|17:35:27|Guest|N/A|INFO|Keyword searching over|[] 
2015-08-21|17:37:37|Guest|N/A|INFO|Start keyword searching|[] 
2015-08-21|17:37:37|Guest|N/A|INFO|Next run at;|{"time":"2015-08-21 17:39:37"} 
2015-08-21|17:37:37|Guest|N/A|INFO|Start keyword search for event.|{"Event":"Big Event","Keywords":"#gtest"} 
2015-08-21|17:37:39|Guest|N/A|INFO|Rate limits.{"cache_control":"no-cache, no-store, must-revalidate, pre-check=0, post-check=0","content_disposition":"attachment; filename=json.json","content_length":"3429","content_type":"application\/json;charset=utf-8","date":"Fri, 21 Aug 2015 12:07:43 GMT","expires":"Tue, 31 Mar 1981 05:00:00 GMT","last_modified":"Fri, 21 Aug 2015 12:07:43 GMT","pragma":"no-cache","server":"tsa_a","set_cookie":"guest_id=v1%3A144015886371429130; Domain=.twitter.com; Path=\/; Expires=Sun, 20-Aug-2017 12:07:43 UTC","status":"200 OK","strict_transport_security":"max-age=631138519","x_connection_hash":"779cd044d53b2f0c25c6786c6ac8cec6","x_content_type_options":"nosniff","x_frame_options":"SAMEORIGIN","x_rate_limit_limit":"450","x_rate_limit_remaining":"445","x_rate_limit_reset":"1440159430","x_response_time":"52","x_transaction":"3ce2eefa01d9a9e1","x_twitter_response_tags":"BouncerCompliant","x_xss_protection":"1; mode=block"}|[] 
2015-08-21|17:37:39|Guest|N/A|INFO|Tweet saved.|{"tweetId":"634698278081196033"} 
2015-08-21|17:37:39|Guest|N/A|INFO|Media URL found.|{"URL":"http:\/\/pbs.twimg.com\/media\/CM7muDuUEAEMwl5.jpg"} 
2015-08-21|17:37:39|Guest|N/A|INFO|Tweet matched for the keyword:#gtest|[] 
2015-08-21|17:37:39|Guest|N/A|INFO|Event found. Event name:Big Event|[] 
2015-08-21|17:37:39|Guest|N/A|INFO|Calling GT API|[] 
2015-08-21|17:37:42|Guest|N/A|INFO|GT API Response:{"detect_count":1,"tags":[{"_id":{"$oid":"55cc5f8291d80268f74afe9e"},"tag_id":5781504,"tag_name":"Gaggletag #486","user":"responder_r3","note":"gid import 20150813","products":[{"product_name":"Test Product","event_name":"Big Event","response_text":"@[username] Place holder message [timestamp], [eventname]"},{"product_name":"Test Product","event_name":"Event A","response_text":"@[username] Place holder message [timestamp], [eventname]"}]}],"GT_RESPONSE":{"detect_count":1,"tags":[{"code":"0"}]}}|[] 
2015-08-21|17:37:42|Guest|N/A|INFO|Media detected and product info received.|[] 
2015-08-21|17:37:42|Guest|N/A|INFO|Response found for the event.|{"eventName":"Big Event","msg":"@aruna470 Place holder message 2015-08-21 17:37:42, Big Event"} 
2015-08-21|17:37:42|Guest|N/A|INFO|Sending response. Response msg:@aruna470 Place holder message 2015-08-21 17:37:42, Big Event|[] 
2015-08-21|17:37:44|Guest|N/A|INFO|@message sent.User:aruna470|[] 
2015-08-21|17:37:44|Guest|N/A|INFO|Event details updated|[] 
2015-08-21|17:37:45|Guest|N/A|INFO|Rate limits.{"cache_control":"no-cache, no-store, must-revalidate, pre-check=0, post-check=0","content_disposition":"attachment; filename=json.json","content_length":"294","content_type":"application\/json;charset=utf-8","date":"Fri, 21 Aug 2015 12:07:49 GMT","expires":"Tue, 31 Mar 1981 05:00:00 GMT","last_modified":"Fri, 21 Aug 2015 12:07:49 GMT","pragma":"no-cache","server":"tsa_a","set_cookie":"guest_id=v1%3A144015886985145691; Domain=.twitter.com; Path=\/; Expires=Sun, 20-Aug-2017 12:07:49 UTC","status":"200 OK","strict_transport_security":"max-age=631138519","x_connection_hash":"25fe209444c80ed70c442fbee1e2aaa1","x_content_type_options":"nosniff","x_frame_options":"SAMEORIGIN","x_rate_limit_limit":"450","x_rate_limit_remaining":"444","x_rate_limit_reset":"1440159430","x_response_time":"24","x_transaction":"b38273b0d587e25d","x_twitter_response_tags":"BouncerCompliant","x_xss_protection":"1; mode=block"}|[] 
2015-08-21|17:37:45|Guest|N/A|INFO|No more tweets|[] 
2015-08-21|17:37:45|Guest|N/A|INFO|Start keyword search for event.|{"Event":"Test Event","Keywords":"#wwww"} 
2015-08-21|17:37:46|Guest|N/A|INFO|Rate limits.{"cache_control":"no-cache, no-store, must-revalidate, pre-check=0, post-check=0","content_disposition":"attachment; filename=json.json","content_length":"292","content_type":"application\/json;charset=utf-8","date":"Fri, 21 Aug 2015 12:07:51 GMT","expires":"Tue, 31 Mar 1981 05:00:00 GMT","last_modified":"Fri, 21 Aug 2015 12:07:51 GMT","pragma":"no-cache","server":"tsa_a","set_cookie":"guest_id=v1%3A144015887116990266; Domain=.twitter.com; Path=\/; Expires=Sun, 20-Aug-2017 12:07:51 UTC","status":"200 OK","strict_transport_security":"max-age=631138519","x_connection_hash":"af7bd0e480ac5487331a91db9d5583bb","x_content_type_options":"nosniff","x_frame_options":"SAMEORIGIN","x_rate_limit_limit":"450","x_rate_limit_remaining":"443","x_rate_limit_reset":"1440159430","x_response_time":"22","x_transaction":"07e1b2097f2ab02d","x_twitter_response_tags":"BouncerCompliant","x_xss_protection":"1; mode=block"}|[] 
2015-08-21|17:37:46|Guest|N/A|INFO|No more tweets|[] 
2015-08-21|17:37:46|Guest|N/A|INFO|Keyword searching over|[] 
2015-08-21|17:39:51|Guest|N/A|INFO|Start keyword searching|[] 
2015-08-21|17:39:51|Guest|N/A|INFO|Next run at;|{"time":"2015-08-21 19:19:51"} 
2015-08-21|17:39:51|Guest|N/A|INFO|Start keyword search for event.|{"Event":"Big Event","Keywords":"#gtest"} 
2015-08-21|17:39:53|Guest|N/A|INFO|Rate limits.{"cache_control":"no-cache, no-store, must-revalidate, pre-check=0, post-check=0","content_disposition":"attachment; filename=json.json","content_length":"294","content_type":"application\/json;charset=utf-8","date":"Fri, 21 Aug 2015 12:09:57 GMT","expires":"Tue, 31 Mar 1981 05:00:00 GMT","last_modified":"Fri, 21 Aug 2015 12:09:57 GMT","pragma":"no-cache","server":"tsa_a","set_cookie":"guest_id=v1%3A144015899766951742; Domain=.twitter.com; Path=\/; Expires=Sun, 20-Aug-2017 12:09:57 UTC","status":"200 OK","strict_transport_security":"max-age=631138519","x_connection_hash":"a4113f65bffeaa38422a0c68675413cb","x_content_type_options":"nosniff","x_frame_options":"SAMEORIGIN","x_rate_limit_limit":"450","x_rate_limit_remaining":"442","x_rate_limit_reset":"1440159430","x_response_time":"18","x_transaction":"1417811d44450d34","x_twitter_response_tags":"BouncerCompliant","x_xss_protection":"1; mode=block"}|[] 
2015-08-21|17:39:53|Guest|N/A|INFO|No more tweets|[] 
2015-08-21|17:39:53|Guest|N/A|INFO|Start keyword search for event.|{"Event":"Test Event","Keywords":"#wwww"} 
2015-08-21|17:39:54|Guest|N/A|INFO|Rate limits.{"cache_control":"no-cache, no-store, must-revalidate, pre-check=0, post-check=0","content_disposition":"attachment; filename=json.json","content_length":"292","content_type":"application\/json;charset=utf-8","date":"Fri, 21 Aug 2015 12:09:58 GMT","expires":"Tue, 31 Mar 1981 05:00:00 GMT","last_modified":"Fri, 21 Aug 2015 12:09:58 GMT","pragma":"no-cache","server":"tsa_a","set_cookie":"guest_id=v1%3A144015899898468631; Domain=.twitter.com; Path=\/; Expires=Sun, 20-Aug-2017 12:09:58 UTC","status":"200 OK","strict_transport_security":"max-age=631138519","x_connection_hash":"827c62c8d21a63e3b4c745981f14c4e8","x_content_type_options":"nosniff","x_frame_options":"SAMEORIGIN","x_rate_limit_limit":"450","x_rate_limit_remaining":"441","x_rate_limit_reset":"1440159430","x_response_time":"17","x_transaction":"12b22a01abb7cafd","x_twitter_response_tags":"BouncerCompliant","x_xss_protection":"1; mode=block"}|[] 
2015-08-21|17:39:54|Guest|N/A|INFO|No more tweets|[] 
2015-08-21|17:39:54|Guest|N/A|INFO|Keyword searching over|[] 
2015-08-21|17:45:22|Guest|N/A|INFO|Start keyword searching|[] 
2015-08-21|17:45:22|Guest|N/A|INFO|Last run at;|{"time":"2015-08-21 17:45:22"} 
2015-08-21|17:45:22|Guest|N/A|INFO|Start keyword search for event.|{"Event":"Big Event","Keywords":"#gtest"} 
2015-08-21|17:45:25|Guest|N/A|INFO|Rate limits.{"cache_control":"no-cache, no-store, must-revalidate, pre-check=0, post-check=0","content_disposition":"attachment; filename=json.json","content_length":"294","content_type":"application\/json;charset=utf-8","date":"Fri, 21 Aug 2015 12:15:29 GMT","expires":"Tue, 31 Mar 1981 05:00:00 GMT","last_modified":"Fri, 21 Aug 2015 12:15:29 GMT","pragma":"no-cache","server":"tsa_a","set_cookie":"guest_id=v1%3A144015932937995622; Domain=.twitter.com; Path=\/; Expires=Sun, 20-Aug-2017 12:15:29 UTC","status":"200 OK","strict_transport_security":"max-age=631138519","x_connection_hash":"2ea901b46ef502a23fe7d712e04f9f2f","x_content_type_options":"nosniff","x_frame_options":"SAMEORIGIN","x_rate_limit_limit":"450","x_rate_limit_remaining":"440","x_rate_limit_reset":"1440159430","x_response_time":"17","x_transaction":"93119d06a3c7fcfa","x_twitter_response_tags":"BouncerCompliant","x_xss_protection":"1; mode=block"}|[] 
2015-08-21|17:45:25|Guest|N/A|INFO|No more tweets|[] 
2015-08-21|17:45:25|Guest|N/A|INFO|Start keyword search for event.|{"Event":"Test Event","Keywords":"#wwww"} 
2015-08-21|17:45:26|Guest|N/A|INFO|Rate limits.{"cache_control":"no-cache, no-store, must-revalidate, pre-check=0, post-check=0","content_disposition":"attachment; filename=json.json","content_length":"292","content_type":"application\/json;charset=utf-8","date":"Fri, 21 Aug 2015 12:15:30 GMT","expires":"Tue, 31 Mar 1981 05:00:00 GMT","last_modified":"Fri, 21 Aug 2015 12:15:30 GMT","pragma":"no-cache","server":"tsa_a","set_cookie":"guest_id=v1%3A144015933067442325; Domain=.twitter.com; Path=\/; Expires=Sun, 20-Aug-2017 12:15:30 UTC","status":"200 OK","strict_transport_security":"max-age=631138519","x_connection_hash":"f2951af65cd7092e31629031344b6034","x_content_type_options":"nosniff","x_frame_options":"SAMEORIGIN","x_rate_limit_limit":"450","x_rate_limit_remaining":"439","x_rate_limit_reset":"1440159430","x_response_time":"15","x_transaction":"eb4008c98f1dc6be","x_twitter_response_tags":"BouncerCompliant","x_xss_protection":"1; mode=block"}|[] 
2015-08-21|17:45:26|Guest|N/A|INFO|No more tweets|[] 
2015-08-21|17:45:26|Guest|N/A|INFO|Keyword searching over|[] 
2015-08-21|17:45:42|Guest|N/A|INFO|Start keyword searching|[] 
2015-08-21|17:45:42|Guest|N/A|INFO|Last run at;|{"time":"2015-08-21 17:45:42"} 
2015-08-21|17:45:42|Guest|N/A|INFO|Start keyword search for event.|{"Event":"Big Event","Keywords":"#gtest"} 
2015-08-21|17:45:44|Guest|N/A|INFO|Rate limits.{"cache_control":"no-cache, no-store, must-revalidate, pre-check=0, post-check=0","content_disposition":"attachment; filename=json.json","content_length":"294","content_type":"application\/json;charset=utf-8","date":"Fri, 21 Aug 2015 12:15:48 GMT","expires":"Tue, 31 Mar 1981 05:00:00 GMT","last_modified":"Fri, 21 Aug 2015 12:15:48 GMT","pragma":"no-cache","server":"tsa_a","set_cookie":"guest_id=v1%3A144015934870928871; Domain=.twitter.com; Path=\/; Expires=Sun, 20-Aug-2017 12:15:48 UTC","status":"200 OK","strict_transport_security":"max-age=631138519","x_connection_hash":"ef2c09b8c773a600c40efbd721d7bad2","x_content_type_options":"nosniff","x_frame_options":"SAMEORIGIN","x_rate_limit_limit":"450","x_rate_limit_remaining":"438","x_rate_limit_reset":"1440159430","x_response_time":"17","x_transaction":"8eaa244f5b7b44ce","x_twitter_response_tags":"BouncerCompliant","x_xss_protection":"1; mode=block"}|[] 
2015-08-21|17:45:44|Guest|N/A|INFO|No more tweets|[] 
2015-08-21|17:45:44|Guest|N/A|INFO|Start keyword search for event.|{"Event":"Test Event","Keywords":"#wwww"} 
2015-08-21|17:45:45|Guest|N/A|INFO|Rate limits.{"cache_control":"no-cache, no-store, must-revalidate, pre-check=0, post-check=0","content_disposition":"attachment; filename=json.json","content_length":"292","content_type":"application\/json;charset=utf-8","date":"Fri, 21 Aug 2015 12:15:50 GMT","expires":"Tue, 31 Mar 1981 05:00:00 GMT","last_modified":"Fri, 21 Aug 2015 12:15:50 GMT","pragma":"no-cache","server":"tsa_a","set_cookie":"guest_id=v1%3A144015935000450083; Domain=.twitter.com; Path=\/; Expires=Sun, 20-Aug-2017 12:15:50 UTC","status":"200 OK","strict_transport_security":"max-age=631138519","x_connection_hash":"d161cafb6f90808be35e6dd37a3f51b4","x_content_type_options":"nosniff","x_frame_options":"SAMEORIGIN","x_rate_limit_limit":"450","x_rate_limit_remaining":"437","x_rate_limit_reset":"1440159430","x_response_time":"19","x_transaction":"2048c91e856cc2fb","x_twitter_response_tags":"BouncerCompliant","x_xss_protection":"1; mode=block"}|[] 
2015-08-21|17:45:45|Guest|N/A|INFO|No more tweets|[] 
2015-08-21|17:45:45|Guest|N/A|INFO|Keyword searching over|[] 
2015-08-21|17:46:56|Guest|N/A|INFO|Start keyword searching|[] 
2015-08-21|17:46:56|Guest|N/A|INFO|Last run at;|{"time":"2015-08-21 17:46:56"} 
2015-08-21|17:46:56|Guest|N/A|INFO|Start keyword search for event.|{"Event":"Big Event","Keywords":"#gtest"} 
2015-08-21|17:46:59|Guest|N/A|INFO|Rate limits.{"cache_control":"no-cache, no-store, must-revalidate, pre-check=0, post-check=0","content_disposition":"attachment; filename=json.json","content_length":"294","content_type":"application\/json;charset=utf-8","date":"Fri, 21 Aug 2015 12:17:03 GMT","expires":"Tue, 31 Mar 1981 05:00:00 GMT","last_modified":"Fri, 21 Aug 2015 12:17:03 GMT","pragma":"no-cache","server":"tsa_a","set_cookie":"guest_id=v1%3A144015942334081125; Domain=.twitter.com; Path=\/; Expires=Sun, 20-Aug-2017 12:17:03 UTC","status":"200 OK","strict_transport_security":"max-age=631138519","x_connection_hash":"d36aff768aab9c01606823f4947f5f2b","x_content_type_options":"nosniff","x_frame_options":"SAMEORIGIN","x_rate_limit_limit":"450","x_rate_limit_remaining":"436","x_rate_limit_reset":"1440159430","x_response_time":"37","x_transaction":"b85022a410c094d0","x_twitter_response_tags":"BouncerCompliant","x_xss_protection":"1; mode=block"}|[] 
2015-08-21|17:46:59|Guest|N/A|INFO|No more tweets|[] 
2015-08-21|17:46:59|Guest|N/A|INFO|Start keyword search for event.|{"Event":"Test Event","Keywords":"#wwww"} 
2015-08-21|17:47:00|Guest|N/A|INFO|Rate limits.{"cache_control":"no-cache, no-store, must-revalidate, pre-check=0, post-check=0","content_disposition":"attachment; filename=json.json","content_length":"292","content_type":"application\/json;charset=utf-8","date":"Fri, 21 Aug 2015 12:17:04 GMT","expires":"Tue, 31 Mar 1981 05:00:00 GMT","last_modified":"Fri, 21 Aug 2015 12:17:04 GMT","pragma":"no-cache","server":"tsa_a","set_cookie":"guest_id=v1%3A144015942466092942; Domain=.twitter.com; Path=\/; Expires=Sun, 20-Aug-2017 12:17:04 UTC","status":"200 OK","strict_transport_security":"max-age=631138519","x_connection_hash":"f7cac4eca9020b122ac4af04dd069ba4","x_content_type_options":"nosniff","x_frame_options":"SAMEORIGIN","x_rate_limit_limit":"450","x_rate_limit_remaining":"435","x_rate_limit_reset":"1440159430","x_response_time":"31","x_transaction":"10aa7c172bea6a5f","x_twitter_response_tags":"BouncerCompliant","x_xss_protection":"1; mode=block"}|[] 
2015-08-21|17:47:00|Guest|N/A|INFO|No more tweets|[] 
2015-08-21|17:47:00|Guest|N/A|INFO|Keyword searching over|[] 
2015-08-21|17:48:16|Guest|N/A|INFO|Start keyword searching|[] 
2015-08-21|17:49:07|Guest|N/A|INFO|Start keyword searching|[] 
2015-08-21|17:49:07|Guest|N/A|INFO|Previous process is in progress|[] 
2015-08-21|17:49:22|Guest|N/A|INFO|Start keyword searching|[] 
2015-08-21|17:49:22|Guest|N/A|INFO|Previous process is in progress|[] 
2015-08-21|17:50:26|Guest|N/A|INFO|Start keyword searching|[] 
2015-08-21|17:50:26|Guest|N/A|INFO|Previous process is in progress|[] 
2015-08-21|17:51:06|Guest|N/A|INFO|Start keyword searching|[] 
2015-08-21|17:51:06|Guest|N/A|INFO|Previous process is in progress|[] 
2015-08-21|17:51:29|Guest|N/A|INFO|Start keyword searching|[] 
2015-08-21|17:51:29|Guest|N/A|INFO|Previous process is in progress|[] 
2015-08-21|17:52:06|Guest|N/A|INFO|Start keyword searching|[] 
2015-08-21|17:54:20|Guest|N/A|INFO|Start keyword searching|[] 
2015-08-21|17:54:20|Guest|N/A|INFO|Last run at;|{"time":"2015-08-21 17:54:20"} 
2015-08-21|17:54:20|Guest|N/A|INFO|Start keyword search for event.|{"Event":"Big Event","Keywords":"#gtest"} 
2015-08-21|17:54:22|Guest|N/A|INFO|Rate limits.{"cache_control":"no-cache, no-store, must-revalidate, pre-check=0, post-check=0","content_disposition":"attachment; filename=json.json","content_length":"294","content_type":"application\/json;charset=utf-8","date":"Fri, 21 Aug 2015 12:24:26 GMT","expires":"Tue, 31 Mar 1981 05:00:00 GMT","last_modified":"Fri, 21 Aug 2015 12:24:26 GMT","pragma":"no-cache","server":"tsa_a","set_cookie":"guest_id=v1%3A144015986677490720; Domain=.twitter.com; Path=\/; Expires=Sun, 20-Aug-2017 12:24:26 UTC","status":"200 OK","strict_transport_security":"max-age=631138519","x_connection_hash":"52c2ff780153f5f5cb3ca09d366ffe44","x_content_type_options":"nosniff","x_frame_options":"SAMEORIGIN","x_rate_limit_limit":"450","x_rate_limit_remaining":"449","x_rate_limit_reset":"1440160766","x_response_time":"38","x_transaction":"7b878a9d7caadba4","x_twitter_response_tags":"BouncerCompliant","x_xss_protection":"1; mode=block"}|[] 
2015-08-21|17:54:22|Guest|N/A|INFO|No more tweets|[] 
2015-08-21|17:54:22|Guest|N/A|INFO|Start keyword search for event.|{"Event":"Test Event","Keywords":"#wwww"} 
2015-08-21|17:54:23|Guest|N/A|INFO|Rate limits.{"cache_control":"no-cache, no-store, must-revalidate, pre-check=0, post-check=0","content_disposition":"attachment; filename=json.json","content_length":"291","content_type":"application\/json;charset=utf-8","date":"Fri, 21 Aug 2015 12:24:28 GMT","expires":"Tue, 31 Mar 1981 05:00:00 GMT","last_modified":"Fri, 21 Aug 2015 12:24:28 GMT","pragma":"no-cache","server":"tsa_a","set_cookie":"guest_id=v1%3A144015986809137882; Domain=.twitter.com; Path=\/; Expires=Sun, 20-Aug-2017 12:24:28 UTC","status":"200 OK","strict_transport_security":"max-age=631138519","x_connection_hash":"fcbb034a8ba94a5b99a31ca3de96bfa9","x_content_type_options":"nosniff","x_frame_options":"SAMEORIGIN","x_rate_limit_limit":"450","x_rate_limit_remaining":"448","x_rate_limit_reset":"1440160766","x_response_time":"19","x_transaction":"78cf9b1eeedb8f36","x_twitter_response_tags":"BouncerCompliant","x_xss_protection":"1; mode=block"}|[] 
2015-08-21|17:54:23|Guest|N/A|INFO|No more tweets|[] 
2015-08-21|17:54:23|Guest|N/A|INFO|Keyword searching over|[] 
2015-08-21|17:54:27|Guest|N/A|INFO|Start keyword searching|[] 
2015-08-21|17:54:27|Guest|N/A|INFO|Last run at;|{"time":"2015-08-21 17:54:27"} 
2015-08-21|17:54:27|Guest|N/A|INFO|Start keyword search for event.|{"Event":"Big Event","Keywords":"#gtest"} 
2015-08-21|17:54:30|Guest|N/A|INFO|Rate limits.{"cache_control":"no-cache, no-store, must-revalidate, pre-check=0, post-check=0","content_disposition":"attachment; filename=json.json","content_length":"294","content_type":"application\/json;charset=utf-8","date":"Fri, 21 Aug 2015 12:24:34 GMT","expires":"Tue, 31 Mar 1981 05:00:00 GMT","last_modified":"Fri, 21 Aug 2015 12:24:34 GMT","pragma":"no-cache","server":"tsa_a","set_cookie":"guest_id=v1%3A144015987451443599; Domain=.twitter.com; Path=\/; Expires=Sun, 20-Aug-2017 12:24:34 UTC","status":"200 OK","strict_transport_security":"max-age=631138519","x_connection_hash":"e8fee56b297fd2c9a247904dc96e2250","x_content_type_options":"nosniff","x_frame_options":"SAMEORIGIN","x_rate_limit_limit":"450","x_rate_limit_remaining":"447","x_rate_limit_reset":"1440160766","x_response_time":"18","x_transaction":"8dc36c453bdb191a","x_twitter_response_tags":"BouncerCompliant","x_xss_protection":"1; mode=block"}|[] 
2015-08-21|17:54:30|Guest|N/A|INFO|No more tweets|[] 
2015-08-21|17:54:30|Guest|N/A|INFO|Start keyword search for event.|{"Event":"Test Event","Keywords":"#wwww"} 
2015-08-21|17:54:31|Guest|N/A|INFO|Rate limits.{"cache_control":"no-cache, no-store, must-revalidate, pre-check=0, post-check=0","content_disposition":"attachment; filename=json.json","content_length":"292","content_type":"application\/json;charset=utf-8","date":"Fri, 21 Aug 2015 12:24:35 GMT","expires":"Tue, 31 Mar 1981 05:00:00 GMT","last_modified":"Fri, 21 Aug 2015 12:24:35 GMT","pragma":"no-cache","server":"tsa_a","set_cookie":"guest_id=v1%3A144015987580393376; Domain=.twitter.com; Path=\/; Expires=Sun, 20-Aug-2017 12:24:35 UTC","status":"200 OK","strict_transport_security":"max-age=631138519","x_connection_hash":"391dc5579368fc07165c0be3ef8b8006","x_content_type_options":"nosniff","x_frame_options":"SAMEORIGIN","x_rate_limit_limit":"450","x_rate_limit_remaining":"446","x_rate_limit_reset":"1440160766","x_response_time":"16","x_transaction":"1fba41577b83a43b","x_twitter_response_tags":"BouncerCompliant","x_xss_protection":"1; mode=block"}|[] 
2015-08-21|17:54:31|Guest|N/A|INFO|No more tweets|[] 
2015-08-21|17:54:31|Guest|N/A|INFO|Keyword searching over|[] 
2015-08-21|17:54:54|Guest|N/A|INFO|Start keyword searching|[] 
2015-08-21|17:54:54|Guest|N/A|INFO|Last run at;|{"time":"2015-08-21 17:54:54"} 
2015-08-21|17:54:54|Guest|N/A|INFO|Start keyword search for event.|{"Event":"Big Event","Keywords":"#gtest"} 
2015-08-21|17:54:57|Guest|N/A|INFO|Rate limits.{"cache_control":"no-cache, no-store, must-revalidate, pre-check=0, post-check=0","content_disposition":"attachment; filename=json.json","content_length":"294","content_type":"application\/json;charset=utf-8","date":"Fri, 21 Aug 2015 12:25:01 GMT","expires":"Tue, 31 Mar 1981 05:00:00 GMT","last_modified":"Fri, 21 Aug 2015 12:25:01 GMT","pragma":"no-cache","server":"tsa_a","set_cookie":"guest_id=v1%3A144015990163954183; Domain=.twitter.com; Path=\/; Expires=Sun, 20-Aug-2017 12:25:01 UTC","status":"200 OK","strict_transport_security":"max-age=631138519","x_connection_hash":"3c6c19c2d8c91cb39161cfb69acb6d7d","x_content_type_options":"nosniff","x_frame_options":"SAMEORIGIN","x_rate_limit_limit":"450","x_rate_limit_remaining":"445","x_rate_limit_reset":"1440160766","x_response_time":"35","x_transaction":"db987420e94503b5","x_twitter_response_tags":"BouncerCompliant","x_xss_protection":"1; mode=block"}|[] 
2015-08-21|17:54:57|Guest|N/A|INFO|No more tweets|[] 
2015-08-21|17:54:57|Guest|N/A|INFO|Start keyword search for event.|{"Event":"Test Event","Keywords":"#wwww"} 
2015-08-21|17:54:58|Guest|N/A|INFO|Rate limits.{"cache_control":"no-cache, no-store, must-revalidate, pre-check=0, post-check=0","content_disposition":"attachment; filename=json.json","content_length":"292","content_type":"application\/json;charset=utf-8","date":"Fri, 21 Aug 2015 12:25:02 GMT","expires":"Tue, 31 Mar 1981 05:00:00 GMT","last_modified":"Fri, 21 Aug 2015 12:25:02 GMT","pragma":"no-cache","server":"tsa_a","set_cookie":"guest_id=v1%3A144015990295527635; Domain=.twitter.com; Path=\/; Expires=Sun, 20-Aug-2017 12:25:02 UTC","status":"200 OK","strict_transport_security":"max-age=631138519","x_connection_hash":"5367e0c34b5a46083dec4c8dcebfe8ac","x_content_type_options":"nosniff","x_frame_options":"SAMEORIGIN","x_rate_limit_limit":"450","x_rate_limit_remaining":"444","x_rate_limit_reset":"1440160766","x_response_time":"20","x_transaction":"936f4ed238e37fb0","x_twitter_response_tags":"BouncerCompliant","x_xss_protection":"1; mode=block"}|[] 
2015-08-21|17:54:58|Guest|N/A|INFO|No more tweets|[] 
2015-08-21|17:54:58|Guest|N/A|INFO|Keyword searching over|[] 
2015-08-21|17:55:38|Guest|N/A|INFO|Start keyword searching|[] 
2015-08-21|17:55:38|Guest|N/A|INFO|Last run at;|{"time":"2015-08-21 17:55:38"} 
2015-08-21|17:55:38|Guest|N/A|INFO|Start keyword search for event.|{"Event":"Big Event","Keywords":"#gtest"} 
2015-08-21|17:55:41|Guest|N/A|INFO|Rate limits.{"cache_control":"no-cache, no-store, must-revalidate, pre-check=0, post-check=0","content_disposition":"attachment; filename=json.json","content_length":"294","content_type":"application\/json;charset=utf-8","date":"Fri, 21 Aug 2015 12:25:45 GMT","expires":"Tue, 31 Mar 1981 05:00:00 GMT","last_modified":"Fri, 21 Aug 2015 12:25:45 GMT","pragma":"no-cache","server":"tsa_a","set_cookie":"guest_id=v1%3A144015994579254874; Domain=.twitter.com; Path=\/; Expires=Sun, 20-Aug-2017 12:25:45 UTC","status":"200 OK","strict_transport_security":"max-age=631138519","x_connection_hash":"f38a5437a642db9bf3f3f2d4df1e19d9","x_content_type_options":"nosniff","x_frame_options":"SAMEORIGIN","x_rate_limit_limit":"450","x_rate_limit_remaining":"443","x_rate_limit_reset":"1440160766","x_response_time":"16","x_transaction":"65ae197a2de8ceef","x_twitter_response_tags":"BouncerCompliant","x_xss_protection":"1; mode=block"}|[] 
2015-08-21|17:55:41|Guest|N/A|INFO|No more tweets|[] 
2015-08-21|17:55:41|Guest|N/A|INFO|Start keyword search for event.|{"Event":"Test Event","Keywords":"#wwww"} 
2015-08-21|17:55:42|Guest|N/A|INFO|Rate limits.{"cache_control":"no-cache, no-store, must-revalidate, pre-check=0, post-check=0","content_disposition":"attachment; filename=json.json","content_length":"292","content_type":"application\/json;charset=utf-8","date":"Fri, 21 Aug 2015 12:25:47 GMT","expires":"Tue, 31 Mar 1981 05:00:00 GMT","last_modified":"Fri, 21 Aug 2015 12:25:47 GMT","pragma":"no-cache","server":"tsa_a","set_cookie":"guest_id=v1%3A144015994707907807; Domain=.twitter.com; Path=\/; Expires=Sun, 20-Aug-2017 12:25:47 UTC","status":"200 OK","strict_transport_security":"max-age=631138519","x_connection_hash":"2067182518e9a8358a239f9619b6fbda","x_content_type_options":"nosniff","x_frame_options":"SAMEORIGIN","x_rate_limit_limit":"450","x_rate_limit_remaining":"442","x_rate_limit_reset":"1440160766","x_response_time":"18","x_transaction":"64bb13d93db42a26","x_twitter_response_tags":"BouncerCompliant","x_xss_protection":"1; mode=block"}|[] 
2015-08-21|17:55:42|Guest|N/A|INFO|No more tweets|[] 
2015-08-21|17:55:42|Guest|N/A|INFO|Keyword searching over|[] 
2015-08-21|17:59:33|Guest|N/A|INFO|Start keyword searching|[] 
2015-08-21|17:59:33|Guest|N/A|INFO|Not the correct time to run|[] 
2015-08-21|18:00:18|Guest|N/A|INFO|Start keyword searching|[] 
2015-08-21|18:00:18|Guest|N/A|INFO|Last run at;|{"time":"2015-08-21 18:00:18"} 
2015-08-21|18:00:18|Guest|N/A|INFO|Start keyword search for event.|{"Event":"Big Event","Keywords":"#gtest"} 
2015-08-21|18:00:21|Guest|N/A|INFO|Rate limits.{"cache_control":"no-cache, no-store, must-revalidate, pre-check=0, post-check=0","content_disposition":"attachment; filename=json.json","content_length":"294","content_type":"application\/json;charset=utf-8","date":"Fri, 21 Aug 2015 12:30:25 GMT","expires":"Tue, 31 Mar 1981 05:00:00 GMT","last_modified":"Fri, 21 Aug 2015 12:30:25 GMT","pragma":"no-cache","server":"tsa_a","set_cookie":"guest_id=v1%3A144016022527360139; Domain=.twitter.com; Path=\/; Expires=Sun, 20-Aug-2017 12:30:25 UTC","status":"200 OK","strict_transport_security":"max-age=631138519","x_connection_hash":"b6e1fb95973b913edd1c835da77709a4","x_content_type_options":"nosniff","x_frame_options":"SAMEORIGIN","x_rate_limit_limit":"450","x_rate_limit_remaining":"441","x_rate_limit_reset":"1440160766","x_response_time":"16","x_transaction":"4a674d13f2817ea9","x_twitter_response_tags":"BouncerCompliant","x_xss_protection":"1; mode=block"}|[] 
2015-08-21|18:00:21|Guest|N/A|INFO|No more tweets|[] 
2015-08-21|18:00:21|Guest|N/A|INFO|Start keyword search for event.|{"Event":"Test Event","Keywords":"#wwww"} 
2015-08-21|18:00:22|Guest|N/A|INFO|Rate limits.{"cache_control":"no-cache, no-store, must-revalidate, pre-check=0, post-check=0","content_disposition":"attachment; filename=json.json","content_length":"292","content_type":"application\/json;charset=utf-8","date":"Fri, 21 Aug 2015 12:30:26 GMT","expires":"Tue, 31 Mar 1981 05:00:00 GMT","last_modified":"Fri, 21 Aug 2015 12:30:26 GMT","pragma":"no-cache","server":"tsa_a","set_cookie":"guest_id=v1%3A144016022656170284; Domain=.twitter.com; Path=\/; Expires=Sun, 20-Aug-2017 12:30:26 UTC","status":"200 OK","strict_transport_security":"max-age=631138519","x_connection_hash":"b2e8f573d43bc95b59d7de97820bd864","x_content_type_options":"nosniff","x_frame_options":"SAMEORIGIN","x_rate_limit_limit":"450","x_rate_limit_remaining":"440","x_rate_limit_reset":"1440160766","x_response_time":"29","x_transaction":"1688d6e9fae909da","x_twitter_response_tags":"BouncerCompliant","x_xss_protection":"1; mode=block"}|[] 
2015-08-21|18:00:22|Guest|N/A|INFO|No more tweets|[] 
2015-08-21|18:00:22|Guest|N/A|INFO|Keyword searching over|[] 
2015-08-21|18:00:27|Guest|N/A|INFO|Start keyword searching|[] 
2015-08-21|18:00:27|Guest|N/A|INFO|Not the correct time to run|[] 
2015-08-21|18:05:58|Guest|N/A|INFO|Start keyword searching|[] 
2015-08-21|18:05:58|Guest|N/A|INFO|Last run at;|{"time":"2015-08-21 18:05:58"} 
2015-08-21|18:05:58|Guest|N/A|INFO|Start keyword search for event.|{"Event":"Big Event","Keywords":"#gtest"} 
2015-08-21|18:06:01|Guest|N/A|INFO|Rate limits.{"cache_control":"no-cache, no-store, must-revalidate, pre-check=0, post-check=0","content_disposition":"attachment; filename=json.json","content_length":"294","content_type":"application\/json;charset=utf-8","date":"Fri, 21 Aug 2015 12:36:05 GMT","expires":"Tue, 31 Mar 1981 05:00:00 GMT","last_modified":"Fri, 21 Aug 2015 12:36:05 GMT","pragma":"no-cache","server":"tsa_a","set_cookie":"guest_id=v1%3A144016056546982917; Domain=.twitter.com; Path=\/; Expires=Sun, 20-Aug-2017 12:36:05 UTC","status":"200 OK","strict_transport_security":"max-age=631138519","x_connection_hash":"c485a93288a8c20094a452e27ffb7e97","x_content_type_options":"nosniff","x_frame_options":"SAMEORIGIN","x_rate_limit_limit":"450","x_rate_limit_remaining":"439","x_rate_limit_reset":"1440160766","x_response_time":"21","x_transaction":"bf85fd775fef3bb7","x_twitter_response_tags":"BouncerCompliant","x_xss_protection":"1; mode=block"}|[] 
2015-08-21|18:06:01|Guest|N/A|INFO|No more tweets|[] 
2015-08-21|18:06:01|Guest|N/A|INFO|Start keyword search for event.|{"Event":"Test Event","Keywords":"#wwww"} 
2015-08-21|18:06:02|Guest|N/A|INFO|Rate limits.{"cache_control":"no-cache, no-store, must-revalidate, pre-check=0, post-check=0","content_disposition":"attachment; filename=json.json","content_length":"292","content_type":"application\/json;charset=utf-8","date":"Fri, 21 Aug 2015 12:36:06 GMT","expires":"Tue, 31 Mar 1981 05:00:00 GMT","last_modified":"Fri, 21 Aug 2015 12:36:06 GMT","pragma":"no-cache","server":"tsa_a","set_cookie":"guest_id=v1%3A144016056676576635; Domain=.twitter.com; Path=\/; Expires=Sun, 20-Aug-2017 12:36:06 UTC","status":"200 OK","strict_transport_security":"max-age=631138519","x_connection_hash":"07d77deafb7f5d2671d05b60f4458e95","x_content_type_options":"nosniff","x_frame_options":"SAMEORIGIN","x_rate_limit_limit":"450","x_rate_limit_remaining":"438","x_rate_limit_reset":"1440160766","x_response_time":"26","x_transaction":"11dcd1272a2de257","x_twitter_response_tags":"BouncerCompliant","x_xss_protection":"1; mode=block"}|[] 
2015-08-21|18:06:02|Guest|N/A|INFO|No more tweets|[] 
2015-08-21|18:06:02|Guest|N/A|INFO|Keyword searching over|[] 
2015-08-21|18:06:08|Guest|N/A|INFO|Start keyword searching|[] 
2015-08-21|18:06:08|Guest|N/A|INFO|Not the correct time to run|[] 
